did NOT use phones from task 1 "a" (missing data)
did NOT use phones from task 2 "á" (missing data)
did NOT use phones from task 3 "b" (missing data)
did NOT use phones from task 4 "d" (missing data)
did NOT use phones from task 5 "ð" (missing data)
did NOT use phones from task 6 "e" (missing data)
did NOT use phones from task 7 "é" (missing data)
Used task 8 "f"
Used task 9 "g"
Used task 10 "h"
Used task 11 "i"
Used task 12 "í"
Used task 13 "j"
Used task 14 "k"
Used task 15 "l"
Used task 16 "m"
Used task 17 "n"
Used task 18 "o"
Used task 19 "ó"
Used task 20 "p"
Used task 21 "r"
Used task 22 "s"
Used task 23 "t"
Used task 24 "u"
Used task 25 "ú"
Used task 26 "v"
Used task 27 "y"
Used task 28 "ý"
Used task 29 "x"
Used task 30 "þ"
Used task 31 "æ"
Used task 32 "ö"
Used task 33 "au"
Used task 34 "ei"
Used task 35 "ey"
did NOT use phones from task 36 "tala – taska" (missing data)
did NOT use phones from task 37 "frá – ást" (missing data)
Used task 38 "lesa – renna"
Used task 39 "ég – sérðu"
did NOT use phones from task 40 "við – fyrir" (missing data)
did NOT use phones from task 41 "sími" (missing data)
Used task 42 "kona – oft"
Used task 43 "Jóna – óska"
Used task 44 "gulur – sund"
Used task 45 "hún – Úlfar"
did NOT use phones from task 46 "þau – brauð" (missing data)
did NOT use phones from task 47 "já – frá" (missing data)
Used task 48 "Hvaðan ertu?"
Used task 49 "Ég er frá Þýskalandi."
Used task 50 "hvar – taska"
Used task 51 "mín – íslenska"
Used task 52 "þau – austur"
Used task 53 "lesa – lest"
Used task 54 "koma – komma"
Used task 55 "föt – föst"
Used task 56 "Þetta er taskan mín."
Used task 57 "Er þetta taskan þín?"
Used task 58 "Hvar er taskan þín?"
Used task 59 "Hún er á borðinu."
Used task 60 "Hér er handklæðið mitt."
Used task 61 "Hvar er handklæðið þitt?"
Used task 62 "Konan býr í Reykjavík."
Used task 63 "Vinur hennar býr á Akureyri."
did NOT use phones from task 64 "Reykjavík er höfuðborg Íslands." (missing data)
Used task 65 "Hún er eina borg landsins."
Used task 66 "við – með"
Used task 67 "synda – senda"
Used task 68 "klukkan – umferð"
Used task 69 "tölum – tvö"
Used task 70 "for – fór – för"
Used task 71 "fornum – fórnum – förnum"
Used task 72 "heitur – reykja"
Used task 73 "heitt – reykt"
Used task 74 "Við sendum bréf til Englands."
Used task 75 "Hvert sendið þið bréf?"
Used task 76 "Ég tala dönsku og frönsku."
Used task 77 "Klukkan fjögur er mikil umferð."
Used task 78 "Maðurinn er í ljósum fötum."
Used task 79 "Konan heitir Sædís."
Used task 80 "Þetta er gömul stytta."
Used task 81 "Styttan er í Reykjavík."
Used task 82 "Styttan er af Jóni."
Used task 83 "Jón er frægur maður."
Used task 84 "Í Reykjavík eru bæði falleg og ljót hús."
Used task 85 "Ég fer í heita pottinn."
Used task 86 "Ferð þú í kalda pottinn?"
Used task 87 "Þetta hús er hvítt."
Used task 88 "Ég bý í hvítu húsi."
Used task 89 "Er þetta sími eða spjaldtölva?"
Used task 90 "Við ætlum að fara í Nauthólsvík."
Used task 91 "Munið að taka með handklæði!"
Used task 92 "lest – list – líst"
Used task 93 "Dísa les mikið."
Used task 94 "furum – förum"
Used task 95 "undum – öndum"
Used task 96 "hattur – hættur"
Used task 97 "harður – hærður"
Used task 98 "sett – seytt"
Used task 99 "herði – heyrði"
Used task 100 "Otti – ótti"
Used task 101 "Otti óttast ekki neitt!"
did NOT use phones from task 102 "glaðar – glaðir – glaður" (missing data)
did NOT use phones from task 103 "kæra – kæri – kæru" (missing data)
Used task 104 "leiti – leyti"
Used task 105 "tína – týna"
Used task 106 "minni – mynni"
did NOT use phones from task 107 "par – plan" (missing data)
did NOT use phones from task 108 "bíó – blað" (missing data)
did NOT use phones from task 109 "tala – troða" (missing data)
did NOT use phones from task 110 "dala – drengur" (missing data)
did NOT use phones from task 111 "kjósa – kæra" (missing data)
did NOT use phones from task 112 "gjósa – gæra" (missing data)
did NOT use phones from task 113 "kona – kvikmynd" (missing data)
did NOT use phones from task 114 "gamall – glaður" (missing data)
did NOT use phones from task 115 "Kæru gestir." (missing data)
Used task 116 "Velkomnir í bíó."
Used task 117 "Dóri Geir bíður Gunnu."
Used task 118 "Viltu fara í bíó?"
Used task 119 "Hvað er klukkan?"
Used task 120 "Kári talar pólsku."
did NOT use phones from task 121 "fyndin – kaffi" (missing data)
did NOT use phones from task 122 "veit – skrifa" (missing data)
did NOT use phones from task 123 "þessi – þrír" (missing data)
did NOT use phones from task 124 "þriðji – maður" (missing data)
did NOT use phones from task 125 "safnið – íslenskur" (missing data)
did NOT use phones from task 126 "skemmtun – kosta" (missing data)
did NOT use phones from task 127 "hjá – já" (missing data)
did NOT use phones from task 128 "fjögur – vilja" (missing data)
did NOT use phones from task 129 "sagt – þekkt" (missing data)
did NOT use phones from task 130 "dagur – auglýsa" (missing data)
Used task 131 "Hann heitir Hannes."
Used task 132 "Hún heitir Hanna."
Used task 133 "Gjörðu svo vel!"
Used task 134 "Þetta er spennandi saga."
did NOT use phones from task 135 "mynd – fimm" (missing data)
did NOT use phones from task 136 "fimmtudagur – samt" (missing data)
did NOT use phones from task 137 "Nói" (missing data)
did NOT use phones from task 138 "sunnudagur" (missing data)
did NOT use phones from task 139 "nýta – hnýta" (missing data)
did NOT use phones from task 140 "sýnd – sýnt" (missing data)
did NOT use phones from task 141 "enginn – banki" (missing data)
Used task 142 "Hér er enginn banki!"
did NOT use phones from task 143 "langur – langt" (missing data)
Used task 144 "Það er langt í bankann!"
Used task 145 "Myndin verður sýnd á sunnudaginn."
Used task 146 "Bankinn er langt í burtu."
Used task 147 "Við keyrum fimmtán kílómetra."
Used task 148 "Nonni nennti ekki að fara þangað, það var svo langt í burtu."
did NOT use phones from task 149 "linur – hlynur" (missing data)
did NOT use phones from task 150 "ljóð – hljóð" (missing data)
did NOT use phones from task 151 "sól – mál" (missing data)
did NOT use phones from task 152 "Allt í lagi!" (missing data)
did NOT use phones from task 153 "rista – hrista" (missing data)
did NOT use phones from task 154 "Björg – Björk" (missing data)
Used task 155 "Hrafnarnir fljúga hátt yfir þorpinu."
Used task 156 "Þeir eru svartir."
Used task 157 "Lína Vilhjálmsdóttir er læknir."
Used task 158 "Hún vinnur á Landspítalanum."
Used task 159 "Viltu hjálpa mér?"
Used task 160 "Já, ekkert mál!"
Used task 161 "Er það Björg eða Björk?"
Used task 162 "Það er partí hjá Hrafnhildi um helgina."
Used task 163 "Ég sit á kaffihúsi."
Used task 164 "Ég borða köku með rjóma."
Used task 165 "Það var mikið mannlíf í borginni."
Used task 166 "Hann er fimm árum yngri en hún."
Used task 167 "Það væri betra ef íbúðin væri stærri."
Used task 168 "Amma semur rokktónlist."
Used task 169 "Addi lætur sig alltaf hverfa snemma."
did NOT use phones from task 170 "Við erum í Lækjargötu." (missing data)
Used task 171 "Stebbi hlóð niður nýju appi."
Used task 172 "Afi kemur í kaffi á morgun."
Used task 173 "Ég verð að fara núna!"
Used task 174 "Pabbi sá apa í garðinum."
did NOT use phones from task 175 "Hanna bakar pönnukökur með þeyttum rjóma og jarðarberjasultu." (missing data)
Used task 176 "þangað – banki"
Used task 177 "fingur – syngja"
Used task 178 "lengi – skenkja"
Used task 179 "ungur – hlunkur"
Used task 180 "söngur – pönk"
Used task 181 "Köngulóin söng pönktónlist!"
Used task 182 "Ætlarðu í bankann?"
Used task 183 "Veistu hvað er langt þangað?"
Used task 184 "Ég var lengi á leiðinni heim."
Used task 185 "Hún bjó í Ungverjalandi þegar hún var ung."
Used task 186 "Sungu söngvararnir vel í gær?"
Used task 187 "Já, og þeir syngja líka vel í dag."
Used task 188 "Það eru oftast fimm fingur á einni hendi."
Used task 189 "Hinkraðu aðeins og syngdu eitt lag enn."
Used task 190 "daginn – lagið"
Used task 191 "segja – segir"
Used task 192 "stigi – snigill"
Used task 193 "flygill – flygildi"
Used task 194 "Bogi býr í Kópavogi."
Used task 195 "Huginn er í löngu flugi."
Used task 196 "Tröllaskagi er á Norðurlandi."
Used task 197 "Egilsstaðir eru á Austurlandi."
Used task 198 "Heiða segir góðan daginn!"
Used task 199 "Allt í lagi, segir Egill."
Used task 200 "Snigillinn skreið yfir spegilinn."
Used task 201 "Ég keypti nýjan hvítan flygil."
Used task 202 "Bogi hefur áhuga á tónlist."
Used task 203 "Áhugi Boga liggur í tónlist."
Used task 204 "lepja – apríl"
Used task 205 "sitja – betra"
Used task 206 "vökva – Akranes"
did NOT use phones from task 207 "Esja – Ísrael" (missing data)
Used task 208 "krækja – Reykjavík"
Used task 209 "Hann uppgötvaði nýja reikistjörnu!"
Used task 210 "Kisurnar lepja mjólkina."
Used task 211 "Fuglarnir sitja í trjánum."
Used task 212 "Snjóaði mikið í apríl?"
Used task 213 "Ég vökvaði blómin á Akranesi."
Used task 214 "Turninn er fimmtíu metra hár."
Used task 215 "Ég hef farið upp í hann tvisvar sinnum."
Used task 216 "Ég hef farið upp Esjuna mörgum sinnum."
Used task 217 "En ég hef aldrei farið til Ísraels."
Used task 218 "Sjáiði! Þetta er Skógafoss."
Used task 219 "Skógafoss er neðsti fossinn í Skógaá."
Used task 220 "Þessir fossar eru allir mjög fallegir."
Used task 221 "Fimmvörðuháls er ofan við Skógafoss."
Used task 222 "Það er hægt að ganga yfir Fimmvörðuháls."
Used task 223 "Leiðin byrjar við Skógafoss."
Used task 224 "Það er falleg leið sem heitir Laugavegur."
Used task 225 "Leiðin liggur milli Þórsmerkur og Landmannalauga."
Used task 226 "Verslunargatan í Reykjavík heitir líka Laugavegur."
Used task 227 "Þar eru margar búðir."
Used task 228 "Samkvæmt þjóðsögu er gull í Skógafossi."
Used task 229 "Engum hefur tekist að finna gullið."
Used task 230 "Undir Eyjafjöllum eru margir fossar."
Used task 231 "Seljalandsfoss, Skógafoss og Írárfoss."
Used task 232 "Góðan dag. Velkomin á Listasafn Íslands."
Used task 233 "Ég ætla að fá tvo miða."
Used task 234 "Það eru 400 (fjögur hundruð) krónur."
Used task 235 "Gjörðu svo vel."
Used task 236 "Góðan dag. Hvað kostar miðinn?"
Used task 237 "Takk fyrir og góða skemmtun."
Used task 238 "Hvað má bjóða ykkur?"
Used task 239 "Við ætlum að fá tvo latte og eina kökusneið."
Used task 240 "Viljið þið mjólk og sykur?"
Used task 241 "Nei takk."
Used task 242 "Verði þér að góðu."
Used task 243 "Verði ykkur að góðu."
Used task 244 "Viltu poka?"
Used task 245 "Já takk, þrjá."
Used task 246 "upplýsingar – appið"
Used task 247 "náttúra – þetta"
Used task 248 "takk – þakka"
Used task 249 "ekki – drykkja"
Used task 250 "epli – vopnið"
Used task 251 "skutla – vatnið"
Used task 252 "Hekla – sakna"
Used task 253 "Hekla er þekkt íslenskt eldfjall."
Used task 254 "Klöppum fyrir köttum okkar!"
Used task 255 "Hann talar táknmál."
Used task 256 "Atli býr á Vopnafirði."
Used task 257 "Bettý býr í blokk."
Used task 258 "Hér eru átta flottar blokkir."
Used task 259 "Hrekkjavaka er gamall írskur siður."
Used task 260 "hjálpa – úlpa"
Used task 261 "hollt – kalt"
Used task 262 "fólk – mjólk"
Used task 263 "sjónvarp – þorp"
Used task 264 "svartur – kort"
Used task 265 "orka – Björk"
Used task 266 "Í dag er mjög kalt úti."
Used task 267 "Þú verður að fara í svörtu úlpuna."
Used task 268 "Viltu mjólk í kaffið?"
Used task 269 "Þorpið er ekki svo stórt."
Used task 270 "Flestir Bandaríkjamenn borða kalkún á þakkargjörðarhátíðinni."
Used task 271 "Björk er fræg íslensk söngkona."
Used task 272 "Tónlist Bjarkar finnst mörgum heillandi."
Used task 273 "sagt – byggt"
Used task 274 "sekt – slökkti"
Used task 275 "september – keypti"
Used task 276 "keppti – sleppt"
Used task 277 "Ég hef ekki sagt það!"
Used task 278 "Þau hafa byggt stórt hús."
Used task 279 "Frænka mín fékk hraðasekt á Norðurlandi."
Used task 280 "Ég slökkti á lampanum."
Used task 281 "Við keyptum nýjan bíl í september."
Used task 282 "Slepptirðu sveppunum?"
Used task 283 "Við keyptum okkur ferð til Egyptalands."
Used task 284 "Það skiptir engu máli!"
Used task 285 "hægt – hætt"
Used task 286 "Haustfríið er í október."
Used task 287 "tefla – Keflavík"
Used task 288 "skafl – afl"
Used task 289 "Hafnarfjörður – efni"
Used task 290 "nafn – stofn"
Used task 291 "regla – lögregla"
Used task 292 "hagl – rugl"
Used task 293 "rigna – þögn"
Used task 294 "skyggni – skyggn"
Used task 295 "Hann er með frjótt ímyndunarafl."
Used task 296 "Mér finnst gaman að tefla í Keflavík."
Used task 297 "Við ætlum að gera verkefni í Hafnarfirði."
Used task 298 "Lögreglan var kölluð út."
Used task 299 "Það rignir í logni."
Used task 300 "Þetta er algjört rugl!"
Used task 301 "perla – snarl"
Used task 302 "hérna – þarna"
Used task 303 "ruslið – kosningar"
Used task 304 "Snjórinn er sleipur!"
Used task 305 "kalla – bolla"
Used task 306 "Hallgrímur elskar rjómabollur."
Used task 307 "einn – seinna"
Used task 308 "Sýndu mér enn einn!"
Used task 309 "Það vantar einn stól og eitt borð."
Used task 310 "Brauð og kornvörur fást í matvörubúðinni."
Used task 311 "Frænka mín heitir Erla."
Used task 312 "Finndu aðra lausn."
Used task 313 "Opnaðu ofninn!"
Used task 314 "Barnið vaknaði í vagninum."
did NOT use phones from task 315 "Heitir hún Hanna?" (missing data)
did NOT use phones from task 316 "Ég sé hann!" (missing data)
Used task 317 "Hvað sagðirðu við hana?"
Used task 318 "Hvað heitir hún?"
Used task 319 "Ég sé þig ekki."
did NOT use phones from task 320 "Sérðu það?" (missing data)
Used task 321 "Finnst þér gaman að dansa?"
Used task 322 "Hvað kostar þetta?"
Used task 323 "Eruð þið með stærri stærð?"
Used task 324 "Hafið þið talað við þá?"
Used task 325 "Verði þér að góðu."
Used task 326 "Gaman að sjá þig."
Used task 327 "Ég ætla að fara þangað á morgun með henni Höllu."
Used task 328 "Tökum því bara rólega."
Used task 329 "Ég ætla að fara heim."
Used task 330 "Ég borða ekki kjöt."
Used task 331 "Kemurðu á morgun?"
Used task 332 "Komdu á morgun."
Used task 333 "Hún borðar ekki á morgnana."
Used task 334 "Hann ætlar að kaupa allar jólagjafirnar."
Used task 335 "Allir þurfa að fá peninga."
Used task 336 "Hér er líka skemmtilegt að vinna og búa."
Used task 337 "Fer hún ekki að koma í heimsókn?"
Used task 338 "Verði ykkur að góðu."
Used task 339 "Segðu honum að koma klukkan sjö."
Used task 340 "Ha! Fannstu þetta inni í eldhúsi?"
Used task 341 "Viltu að ég hjálpi þér?"
Used task 342 "Viltu að ég hjálpi honum?"
Used task 343 "margt"
Used task 344 "íslenskt"
Used task 345 "morgni"
Used task 346 "fylgdi"
Used task 347 "sigldi"
Used task 348 "fylgt"
Used task 349 "birgðir"
Used task 350 "álft"
Used task 351 "Kristín borðar danskt rúgbrauð."
Used task 352 "Hér vinnur margt ungt fólk."
Used task 353 "Fólkið vinnur frá morgni til kvölds."
Used task 354 "Ég fylgdi honum heim."
Used task 355 "Hefurðu nefnt það við hana?"
Used task 356 "Ég nefndi það við hana um daginn."
Used task 357 "Ég horfði á þrjár myndir."
Used task 358 "Hann býr á Álftanesi."
Used task 359 "Hún vinnur hjá Íslenskri erfðagreiningu."
Used task 360 "Það er íslenskt fyrirtæki."
Used task 361 "Það eru sjö sjoppur í þorpinu!"
Used task 362 "Lítil kvísl sindraði í sólinni."
Used task 363 "Rigndi hjá ykkur í gær?"
Used task 364 "Við tefldum í fjóra klukkutíma!"
Used task 365 "Ég ætla að fá tvo latte með haframjólk."
Used task 366 "Til allrar hamingju söng hann vel!"
Used task 367 "Þessi orðræða er orðin þreytt!"
Used task 368 "Viltu sýrðan rjóma með tertunni?"
Used task 369 "Þau hrjóta svo hátt að það heyrist gegnum tvennar dyr!"
Used task 370 "Það er ljómandi gott!"
Used task 371 "Mér finnst hljóðfræði skemmtileg."
Used task 372 "Það verða umbreytingar í veðrinu."
Used task 373 "Strjúktu yfir skjáinn til að opna."
Used task 374 "Við byggðum nýjan sumarbústað."
Used task 375 "Ákveðinn greinir í fleirtölu."
Used task 376 "Þátíð veikra og sterkra sagna."
Used task 377 "Jónas Hallgrímsson var ljóðskáld."
Used task 378 "Hann var prestssonur og ólst upp á Norðurlandi."
Used task 379 "Jónas bjó bæði á Íslandi og í Danmörku."
Used task 380 "Ljóð hans fjalla oft um íslenska náttúru."
Used task 381 "Jónas ferðaðist í nokkur ár um Ísland."
Used task 382 "Dragðu setningar á rétta staði."
Used task 383 "Gætirðu rétt mér saltið?"
Used task 384 "Já, gjörðu svo vel. Viltu pipar líka?"
Used task 385 "Skáld er einhver sem yrkir ljóð."
Used task 386 "Jónas Hallgrímsson var líka þýðandi."
Used task 387 "Jónas Hallgrímsson bjó til orð."
Used task 388 "Til dæmis: aðdráttarafl, sjónauki og sporbaugur."
Used task 389 "kæri – kæra – kæru"
Used task 390 "Ég er glaður, þeir eru glaðir, þær eru glaðar."
Used task 391 "Hann veiddi fisk en þau veiddu humar."
Used task 392 "Finnst þér gaman að veiða fisk?"
Used task 393 "Kæru gestir! Velkomnir til Akureyrar."
Used task 394 "Kæra Þóra. Velkomin til Reykjavíkur."
Used task 395 "Ég ætla að vera í Skotlandi í marga daga, jafnvel í margar vikur."
Used task 396 "Okkur vantar marga stóla og margar tölvur."
Used task 397 "Nemendurnir spurðu margra spurninga."
Used task 398 "Þær bjuggu í París í mörg ár."
Used task 399 "Ég fer til Parísar í næstu viku."
Used task 400 "16. (sextándi) nóvember er dagur íslenskrar tungu."
Used task 401 "Á degi íslenskrar tungu eru margir viðburðir."
Used task 402 "Ég horfði á hann."
Used task 403 "Talaðu við hana."
Used task 404 "Ég heyri ekki í ykkur."
Used task 405 "Heyriði í mér?"
Used task 406 "Það er ekkert á milli þeirra."
Used task 407 "Má ég koma með þér?"
Used task 408 "Viljiði koma með mér?"
Used task 409 "Ég var hjá henni í marga daga."
Used task 410 "Komdu til mín."
Used task 411 "Farðu úr henni."
Used task 412 "Þú fórst frá mér."
Used task 413 "Hún fór til hans."
Used task 414 "Hann fór frá honum."
Used task 415 "Ég hlustaði á þá."
Used task 416 "Bróðir minn er íþróttafréttamaður."
Used task 417 "Systir mín vinnur í Utanríkisráðuneytinu."
Used task 418 "Hún er forsætisráðherra Íslands."
Used task 419 "Loftið er heitt í Vaðlaheiðargöngum."
Used task 420 "Þau fóru á nýjan grænmetisveitingastað."
Used task 421 "Eyjafjallajökull sést frá Hvolsvelli."
did NOT use phones from task 422 "Flúðir eru í Hrunamannahreppi." (missing data)
Used task 423 "Raufarhöfn er á Melrakkasléttu."
Used task 424 "Við ætlum til Svartfjallalands næsta sumar."
Used task 425 "Viljiði koma með í ísbíltúr?"
Used task 426 "Hann er hugbúnaðarverkfræðingur."
Used task 427 "Ég keypti nýjan snjallsíma í gær."
Used task 428 "Framburðaræfingarnar eru skemmtilegar."
Used task 429 "Í gær lærði ég nýtt lýsingarorð."
Used task 430 "Hann fer á morgun."
Used task 431 "Penninn er á borðinu."
Used task 432 "Ég fer í fyrramálið."
Used task 433 "Hún stundar nám við háskólann."
Used task 434 "Þeir fóru til Edinborgar."
Used task 435 "Ég er að fara til mömmu."
Used task 436 "Ég fer úr peysunni."
Used task 437 "Ása er frá Akureyri."
Used task 438 "Við förum úr skónum."
Used task 439 "Síðan förum við aftur í skóna."
Used task 440 "Ég ætla að fara heim."
Used task 441 "Viljiði elda kjúkling í kvöld?"
Used task 442 "Við spjölluðum lengi í gærkvöldi."
Used task 443 "Ég ætla að fara þangað á morgun."
Used task 444 "Nú, vissir þú það?"
Used task 445 "Nei! Það kom mér svolítið á óvart!"
Used task 446 "Æi, hættu þessu bara."
Used task 447 "Ég skil þetta ekki alveg."
Used task 448 "Já, þetta var nú aðeins betra, ha!"
Used task 449 "Ég bara skil ekki hvað er í gangi."
Used task 450 "Jæja, þetta er orðið gott. Förum."
Used task 451 "Það vissi ég alls ekki."
Used task 452 "Góðan og blessaðan daginn, Maggi minn."
Used task 453 "Já, við gerum það. Bless."
Used task 454 "Hittumst klukkan hálfsjö."
Used task 455 "Mig langar að fara til Nýja-Sjálands."
Used task 456 "Mér fannst þetta bara svo ótrúlega spennandi."
Used task 457 "Bless í bili."
did NOT use phones from task 458 "Þýskaland – íslenska – lýsa" (missing data)
did NOT use phones from task 459 "vinna – synda" (missing data)
did NOT use phones from task 460 "ágúst – Lára" (missing data)
did NOT use phones from task 461 "austur – laust" (missing data)
Used task 462 "lært – ætla"
Used task 463 "læra – kæra"
a	L1	5116
ai	L1	465
aiː	L1	290
au	L1	447
auː	L1	971
aː	L1	1750
c	L1	788
cʰ	L1	336
ei	L1	507
eiː	L1	541
f	L1	1559
h	L1	2570
i	L1	661
iː	L1	1255
j	L1	1997
k	L1	2219
kʰ	L1	947
l	L1	2936
l̥	L1	472
m	L1	2245
m̥	L1	46
n	L1	3714
n̥	L1	36
ou	L1	360
ouː	L1	751
p	L1	1457
pʰ	L1	215
r	L1	3392
r̥	L1	508
s	L1	3287
t	L1	4191
tʰ	L1	916
u	L1	197
uː	L1	360
v	L1	187
x	L1	13
ç	L1	147
ð	L1	1525
ŋ	L1	468
ŋ̊	L1	77
œ	L1	496
œy	L1	157
œyː	L1	153
œː	L1	207
ɔ	L1	952
ɔi	L1	41
ɔː	L1	559
ɛ	L1	1775
ɛː	L1	1994
ɣ	L1	921
ɪ	L1	3881
ɪː	L1	768
ɲ	L1	88
ɲ̊	L1	13
ʏ	L1	2860
ʏː	L1	58
θ	L1	1011
a	L2	2641
ai	L2	270
aiː	L2	155
au	L2	207
auː	L2	345
aː	L2	843
c	L2	423
cʰ	L2	159
ei	L2	308
eiː	L2	283
f	L2	820
h	L2	1501
i	L2	383
iː	L2	609
j	L2	1050
k	L2	1230
kʰ	L2	437
l	L2	1515
l̥	L2	253
m	L2	1089
m̥	L2	17
n	L2	1899
n̥	L2	20
ou	L2	195
ouː	L2	373
p	L2	700
pʰ	L2	122
r	L2	1922
r̥	L2	257
s	L2	1722
t	L2	2270
tʰ	L2	428
u	L2	120
uː	L2	163
v	L2	147
x	L2	26
ç	L2	54
ð	L2	855
ŋ	L2	224
ŋ̊	L2	44
œ	L2	238
œy	L2	92
œyː	L2	70
œː	L2	141
ɔ	L2	542
ɔi	L2	24
ɔː	L2	292
ɛ	L2	1017
ɛː	L2	1064
ɣ	L2	446
ɪ	L2	2009
ɪː	L2	400
ɲ	L2	57
ɲ̊	L2	8
ʏ	L2	1531
ʏː	L2	39
θ	L2	524
