2022-05-03 12:18:44,489 - capt1ni_pretrained_aligner - DEBUG - Beginning run for pretrained_aligner on capt1ni
2022-05-03 12:18:44,489 - capt1ni_pretrained_aligner - DEBUG - Using multiprocessing with 4
2022-05-03 12:18:44,489 - capt1ni_pretrained_aligner - DEBUG - Set up logger for MFA version: 2.0.0rc6
2022-05-03 12:18:44,490 - capt1ni_pretrained_aligner - WARNING - Skipped the following configuration keys: lda and pitch
2022-05-03 12:18:44,490 - capt1ni_pretrained_aligner - DEBUG - There were some differences in the current run compared to the last one. This may cause issues, run with --clean, if you hit an error.
2022-05-03 12:18:44,816 - capt1ni_pretrained_aligner - DEBUG - Using UNKNOWN
2022-05-03 12:18:52,873 - capt1ni_pretrained_aligner - DEBUG - Loaded dictionary in 8.382667303085327
2022-05-03 12:19:01,072 - capt1ni_pretrained_aligner - DEBUG - Wrote lexicon information in 8.198647499084473
2022-05-03 12:19:01,084 - capt1ni_pretrained_aligner - INFO - Setting up corpus information...
2022-05-03 12:19:01,084 - capt1ni_pretrained_aligner - DEBUG - Could not load from temp
2022-05-03 12:19:01,085 - capt1ni_pretrained_aligner - INFO - Loading corpus from source files...
2022-05-03 12:19:04,231 - capt1ni_pretrained_aligner - DEBUG - Processing queue: 1.4978410600000007
2022-05-03 12:19:04,604 - capt1ni_pretrained_aligner - DEBUG - Parsed corpus directory with 4 jobs in 1.8486978169999997 seconds
2022-05-03 12:19:04,621 - capt1ni_pretrained_aligner - INFO - Found 125 speakers across 12810 files, average number of utterances per speaker: 102.48
2022-05-03 12:19:04,621 - capt1ni_pretrained_aligner - DEBUG - Loaded corpus in 3.5483081340789795
2022-05-03 12:19:04,621 - capt1ni_pretrained_aligner - INFO - Initializing multiprocessing jobs...
2022-05-03 12:19:04,637 - capt1ni_pretrained_aligner - DEBUG - Initialized jobs in 0.01595163345336914
2022-05-03 12:19:04,637 - capt1ni_pretrained_aligner - INFO - Creating corpus split for feature generation...
2022-05-03 12:19:04,732 - capt1ni_pretrained_aligner - DEBUG - Created corpus split directory in 0.0945124626159668
2022-05-03 12:19:04,732 - capt1ni_pretrained_aligner - INFO - Generating base features (mfcc)...
2022-05-03 12:19:04,732 - capt1ni_pretrained_aligner - INFO - Generating MFCCs...
2022-05-03 12:19:51,708 - capt1ni_pretrained_aligner - INFO - Calculating CMVN...
2022-05-03 12:19:52,213 - capt1ni_pretrained_aligner - INFO - Creating corpus split with features...
2022-05-03 12:19:52,299 - capt1ni_pretrained_aligner - DEBUG - Generated features in 47.56761121749878
2022-05-03 12:19:52,309 - capt1ni_pretrained_aligner - DEBUG - Calculated oovs found in 0.009605169296264648
2022-05-03 12:19:52,309 - capt1ni_pretrained_aligner - DEBUG - Setting up corpus took 67.81898903846741 seconds
2022-05-03 12:19:52,320 - capt1ni_pretrained_aligner - DEBUG - 
2022-05-03 12:19:52,320 - capt1ni_pretrained_aligner - DEBUG - ====ACOUSTIC MODEL INFO====
2022-05-03 12:19:52,320 - capt1ni_pretrained_aligner - DEBUG - Acoustic model root directory: /home/caitlinr/Documents/MFA/extracted_models
2022-05-03 12:19:52,320 - capt1ni_pretrained_aligner - DEBUG - Acoustic model dirname: /home/caitlinr/Documents/MFA/extracted_models/samromur
2022-05-03 12:19:52,321 - capt1ni_pretrained_aligner - DEBUG - Acoustic model meta path: /home/caitlinr/Documents/MFA/extracted_models/samromur/meta.yaml
2022-05-03 12:19:52,321 - capt1ni_pretrained_aligner - DEBUG - Acoustic model meta information:
2022-05-03 12:19:52,325 - capt1ni_pretrained_aligner - DEBUG - architecture: gmm-hmm
features:
  feature_type: mfcc
  frame_shift: 10
  lda: false
  pitch: false
  snip_edges: false
  splice_left_context: 3
  splice_right_context: 3
  use_energy: false
  uses_deltas: true
  uses_speaker_adaptation: true
  uses_splices: true
oov_phone: spn
optional_silence_phone: sil
other_noise_phone: sp
phone_set_type: UNKNOWN
phone_type: triphone
phones: !!set
  '9': null
  '9:': null
  9i: null
  '9i:': null
  C: null
  D: null
  E: null
  'E:': null
  G: null
  I: null
  'I:': null
  J: null
  J_0: null
  N: null
  N_0: null
  O: null
  'O:': null
  Oi: null
  T: null
  Y: null
  'Y:': null
  Yi: null
  a: null
  'a:': null
  ai: null
  'ai:': null
  au: null
  'au:': null
  c: null
  c_h: null
  ei: null
  'ei:': null
  f: null
  h: null
  i: null
  'i:': null
  j: null
  k: null
  k_h: null
  l: null
  l_0: null
  m: null
  m_0: null
  n: null
  n_0: null
  ou: null
  'ou:': null
  p: null
  p_h: null
  r: null
  r_0: null
  s: null
  t: null
  t_h: null
  u: null
  'u:': null
  v: null
  x: null
version: 2.0.0a8

2022-05-03 12:19:52,325 - capt1ni_pretrained_aligner - DEBUG - 
2022-05-03 12:19:52,325 - capt1ni_pretrained_aligner - DEBUG - Setup for alignment in 67.83510303497314 seconds
2022-05-03 12:19:52,325 - capt1ni_pretrained_aligner - INFO - Compiling training graphs...
2022-05-03 12:20:00,921 - capt1ni_pretrained_aligner - DEBUG - Compiling training graphs took 8.59571886062622
2022-05-03 12:20:00,923 - capt1ni_pretrained_aligner - INFO - Performing first-pass alignment...
2022-05-03 12:20:00,923 - capt1ni_pretrained_aligner - INFO - Generating alignments...
2022-05-03 12:22:47,192 - capt1ni_pretrained_aligner - DEBUG - Alignment round took 166.26865124702454
2022-05-03 12:22:48,345 - capt1ni_pretrained_aligner - DEBUG - There were 544 utterances that could not be aligned with the current beam settings.
2022-05-03 12:22:48,346 - capt1ni_pretrained_aligner - DEBUG - Average per frame likelihood for alignment: -60.72722030290054
2022-05-03 12:22:48,346 - capt1ni_pretrained_aligner - DEBUG - Compiling information took 1.1513357162475586
2022-05-03 12:22:48,346 - capt1ni_pretrained_aligner - INFO - Calculating fMLLR for speaker adaptation...
2022-05-03 12:23:12,397 - capt1ni_pretrained_aligner - DEBUG - Fmllr calculation took 24.051063537597656
2022-05-03 12:23:12,399 - capt1ni_pretrained_aligner - INFO - Performing second-pass alignment...
2022-05-03 12:23:12,399 - capt1ni_pretrained_aligner - INFO - Generating alignments...
2022-05-03 12:23:45,315 - capt1ni_pretrained_aligner - DEBUG - Alignment round took 32.91574740409851
2022-05-03 12:23:46,482 - capt1ni_pretrained_aligner - DEBUG - There were 544 utterances that could not be aligned with the current beam settings.
2022-05-03 12:23:46,482 - capt1ni_pretrained_aligner - DEBUG - Average per frame likelihood for alignment: -60.72722030290054
2022-05-03 12:23:46,483 - capt1ni_pretrained_aligner - DEBUG - Compiling information took 1.1651647090911865
2022-05-03 12:23:46,483 - capt1ni_pretrained_aligner - INFO - Exporting TextGrids to ./data/aligned...
2022-05-03 12:23:46,483 - capt1ni_pretrained_aligner - INFO - Collecting phone and word alignments from alignment lattices...
2022-05-03 12:24:42,873 - capt1ni_pretrained_aligner - INFO - Finished exporting TextGrids to ./data/aligned!
2022-05-03 12:24:42,873 - capt1ni_pretrained_aligner - DEBUG - Exported TextGrids in a total of 16.28091073036194 seconds
2022-05-03 12:24:42,874 - capt1ni_pretrained_aligner - INFO - Done! Everything took 358.3852958679199 seconds
