/home/caitlinr/.conda/envs/capti/bin/ali-to-post ark:./mfa/alignment/capt1ni_pretrained_aligner/pretrained_aligner/ali.1.1.ark ark:- 
/home/caitlinr/.conda/envs/capti/bin/weight-silence-post 0.0 1:2:3:4:5:6:7:8:9:10:11:12:13:14:15 ./mfa/alignment/capt1ni_pretrained_aligner/pretrained_aligner/final.mdl ark:- ark:- 
/home/caitlinr/.conda/envs/capti/bin/gmm-est-fmllr --verbose=4 --fmllr-update-type=full --spk2utt=ark:./mfa/alignment/capt1ni_pretrained_aligner/capt1ni/split4/spk2utt.1.1.scp ./mfa/alignment/capt1ni_pretrained_aligner/pretrained_aligner/final.mdl 'ark,s,cs:apply-cmvn --utt2spk=ark:./mfa/alignment/capt1ni_pretrained_aligner/capt1ni/split4/utt2spk.1.1.scp scp:./mfa/alignment/capt1ni_pretrained_aligner/capt1ni/split4/cmvn.1.1.scp scp:./mfa/alignment/capt1ni_pretrained_aligner/capt1ni/split4/feats.1.1.scp ark:- | splice-feats --left-context=3 --right-context=3 ark:- ark:- | transform-feats ./mfa/alignment/capt1ni_pretrained_aligner/pretrained_aligner/lda.mat ark:- ark:- |' ark,s,cs:- ark:./mfa/alignment/capt1ni_pretrained_aligner/pretrained_aligner/trans.1.1.ark 
transform-feats ./mfa/alignment/capt1ni_pretrained_aligner/pretrained_aligner/lda.mat ark:- ark:- 
splice-feats --left-context=3 --right-context=3 ark:- ark:- 
apply-cmvn --utt2spk=ark:./mfa/alignment/capt1ni_pretrained_aligner/capt1ni/split4/utt2spk.1.1.scp scp:./mfa/alignment/capt1ni_pretrained_aligner/capt1ni/split4/cmvn.1.1.scp scp:./mfa/alignment/capt1ni_pretrained_aligner/capt1ni/split4/feats.1.1.scp ark:- 
WARNING (gmm-est-fmllr[5.5.1016]:main():gmmbin/gmm-est-fmllr.cc:118) Did not find posteriors for utterance 1-141
WARNING (gmm-est-fmllr[5.5.1016]:main():gmmbin/gmm-est-fmllr.cc:118) Did not find posteriors for utterance 1-47
WARNING (gmm-est-fmllr[5.5.1016]:main():gmmbin/gmm-est-fmllr.cc:118) Did not find posteriors for utterance 1-79
LOG (gmm-est-fmllr[5.5.1016]:ComputeFmllrMatrixDiagGmmFull():transform/fmllr-diag-gmm.cc:262) fMLLR objf improvement is 4.12385 per frame over 48676 frames.
LOG (gmm-est-fmllr[5.5.1016]:main():gmmbin/gmm-est-fmllr.cc:143) For speaker 1, auxf-impr from fMLLR is 4.12385, over 48676 frames.
WARNING (gmm-est-fmllr[5.5.1016]:main():gmmbin/gmm-est-fmllr.cc:118) Did not find posteriors for utterance 105-10659
WARNING (gmm-est-fmllr[5.5.1016]:main():gmmbin/gmm-est-fmllr.cc:118) Did not find posteriors for utterance 105-10715
WARNING (gmm-est-fmllr[5.5.1016]:main():gmmbin/gmm-est-fmllr.cc:118) Did not find posteriors for utterance 105-10750
LOG (gmm-est-fmllr[5.5.1016]:ComputeFmllrMatrixDiagGmmFull():transform/fmllr-diag-gmm.cc:262) fMLLR objf improvement is 4.43198 per frame over 53031 frames.
LOG (gmm-est-fmllr[5.5.1016]:main():gmmbin/gmm-est-fmllr.cc:143) For speaker 105, auxf-impr from fMLLR is 4.43198, over 53031 frames.
WARNING (gmm-est-fmllr[5.5.1016]:main():gmmbin/gmm-est-fmllr.cc:118) Did not find posteriors for utterance 106-10857
WARNING (gmm-est-fmllr[5.5.1016]:main():gmmbin/gmm-est-fmllr.cc:118) Did not find posteriors for utterance 106-10863
WARNING (gmm-est-fmllr[5.5.1016]:main():gmmbin/gmm-est-fmllr.cc:118) Did not find posteriors for utterance 106-10864
WARNING (gmm-est-fmllr[5.5.1016]:main():gmmbin/gmm-est-fmllr.cc:118) Did not find posteriors for utterance 106-10868
WARNING (gmm-est-fmllr[5.5.1016]:main():gmmbin/gmm-est-fmllr.cc:118) Did not find posteriors for utterance 106-10875
WARNING (gmm-est-fmllr[5.5.1016]:main():gmmbin/gmm-est-fmllr.cc:118) Did not find posteriors for utterance 106-10877
WARNING (gmm-est-fmllr[5.5.1016]:main():gmmbin/gmm-est-fmllr.cc:118) Did not find posteriors for utterance 106-10878
LOG (gmm-est-fmllr[5.5.1016]:ComputeFmllrMatrixDiagGmmFull():transform/fmllr-diag-gmm.cc:262) fMLLR objf improvement is 4.83797 per frame over 3181 frames.
LOG (gmm-est-fmllr[5.5.1016]:main():gmmbin/gmm-est-fmllr.cc:143) For speaker 106, auxf-impr from fMLLR is 4.83797, over 3181 frames.
WARNING (gmm-est-fmllr[5.5.1016]:main():gmmbin/gmm-est-fmllr.cc:118) Did not find posteriors for utterance 118-12014
LOG (gmm-est-fmllr[5.5.1016]:ComputeFmllrMatrixDiagGmmFull():transform/fmllr-diag-gmm.cc:262) fMLLR objf improvement is 5.62516 per frame over 49789 frames.
LOG (gmm-est-fmllr[5.5.1016]:main():gmmbin/gmm-est-fmllr.cc:143) For speaker 118, auxf-impr from fMLLR is 5.62516, over 49789 frames.
WARNING (gmm-est-fmllr[5.5.1016]:Update():transform/fmllr-diag-gmm.cc:162) Not updating fMLLR since below min-count: count is 294
LOG (gmm-est-fmllr[5.5.1016]:main():gmmbin/gmm-est-fmllr.cc:143) For speaker 119, auxf-impr from fMLLR is 0, over 294 frames.
WARNING (gmm-est-fmllr[5.5.1016]:main():gmmbin/gmm-est-fmllr.cc:118) Did not find posteriors for utterance 15-1927
WARNING (gmm-est-fmllr[5.5.1016]:main():gmmbin/gmm-est-fmllr.cc:118) Did not find posteriors for utterance 15-1928
WARNING (gmm-est-fmllr[5.5.1016]:main():gmmbin/gmm-est-fmllr.cc:118) Did not find posteriors for utterance 15-1934
WARNING (gmm-est-fmllr[5.5.1016]:main():gmmbin/gmm-est-fmllr.cc:118) Did not find posteriors for utterance 15-1939
WARNING (gmm-est-fmllr[5.5.1016]:main():gmmbin/gmm-est-fmllr.cc:118) Did not find posteriors for utterance 15-1940
WARNING (gmm-est-fmllr[5.5.1016]:main():gmmbin/gmm-est-fmllr.cc:118) Did not find posteriors for utterance 15-1942
WARNING (gmm-est-fmllr[5.5.1016]:main():gmmbin/gmm-est-fmllr.cc:118) Did not find posteriors for utterance 15-1948
WARNING (gmm-est-fmllr[5.5.1016]:main():gmmbin/gmm-est-fmllr.cc:118) Did not find posteriors for utterance 15-1950
WARNING (gmm-est-fmllr[5.5.1016]:main():gmmbin/gmm-est-fmllr.cc:118) Did not find posteriors for utterance 15-1951
WARNING (gmm-est-fmllr[5.5.1016]:main():gmmbin/gmm-est-fmllr.cc:118) Did not find posteriors for utterance 15-1953
WARNING (gmm-est-fmllr[5.5.1016]:main():gmmbin/gmm-est-fmllr.cc:118) Did not find posteriors for utterance 15-1955
WARNING (gmm-est-fmllr[5.5.1016]:main():gmmbin/gmm-est-fmllr.cc:118) Did not find posteriors for utterance 15-1957
WARNING (gmm-est-fmllr[5.5.1016]:main():gmmbin/gmm-est-fmllr.cc:118) Did not find posteriors for utterance 15-1958
WARNING (gmm-est-fmllr[5.5.1016]:main():gmmbin/gmm-est-fmllr.cc:118) Did not find posteriors for utterance 15-1962
WARNING (gmm-est-fmllr[5.5.1016]:main():gmmbin/gmm-est-fmllr.cc:118) Did not find posteriors for utterance 15-1963
WARNING (gmm-est-fmllr[5.5.1016]:main():gmmbin/gmm-est-fmllr.cc:118) Did not find posteriors for utterance 15-1965
WARNING (gmm-est-fmllr[5.5.1016]:main():gmmbin/gmm-est-fmllr.cc:118) Did not find posteriors for utterance 15-1966
WARNING (gmm-est-fmllr[5.5.1016]:main():gmmbin/gmm-est-fmllr.cc:118) Did not find posteriors for utterance 15-1977
WARNING (gmm-est-fmllr[5.5.1016]:main():gmmbin/gmm-est-fmllr.cc:118) Did not find posteriors for utterance 15-1978
WARNING (gmm-est-fmllr[5.5.1016]:main():gmmbin/gmm-est-fmllr.cc:118) Did not find posteriors for utterance 15-1985
WARNING (gmm-est-fmllr[5.5.1016]:main():gmmbin/gmm-est-fmllr.cc:118) Did not find posteriors for utterance 15-1989
WARNING (gmm-est-fmllr[5.5.1016]:main():gmmbin/gmm-est-fmllr.cc:118) Did not find posteriors for utterance 15-1991
WARNING (gmm-est-fmllr[5.5.1016]:main():gmmbin/gmm-est-fmllr.cc:118) Did not find posteriors for utterance 15-1992
WARNING (gmm-est-fmllr[5.5.1016]:main():gmmbin/gmm-est-fmllr.cc:118) Did not find posteriors for utterance 15-1994
WARNING (gmm-est-fmllr[5.5.1016]:main():gmmbin/gmm-est-fmllr.cc:118) Did not find posteriors for utterance 15-1995
WARNING (gmm-est-fmllr[5.5.1016]:main():gmmbin/gmm-est-fmllr.cc:118) Did not find posteriors for utterance 15-1996
WARNING (gmm-est-fmllr[5.5.1016]:main():gmmbin/gmm-est-fmllr.cc:118) Did not find posteriors for utterance 15-1997
WARNING (gmm-est-fmllr[5.5.1016]:main():gmmbin/gmm-est-fmllr.cc:118) Did not find posteriors for utterance 15-2005
WARNING (gmm-est-fmllr[5.5.1016]:main():gmmbin/gmm-est-fmllr.cc:118) Did not find posteriors for utterance 15-2006
WARNING (gmm-est-fmllr[5.5.1016]:main():gmmbin/gmm-est-fmllr.cc:118) Did not find posteriors for utterance 15-2007
WARNING (gmm-est-fmllr[5.5.1016]:main():gmmbin/gmm-est-fmllr.cc:118) Did not find posteriors for utterance 15-2010
WARNING (gmm-est-fmllr[5.5.1016]:main():gmmbin/gmm-est-fmllr.cc:118) Did not find posteriors for utterance 15-2011
WARNING (gmm-est-fmllr[5.5.1016]:main():gmmbin/gmm-est-fmllr.cc:118) Did not find posteriors for utterance 15-2014
WARNING (gmm-est-fmllr[5.5.1016]:main():gmmbin/gmm-est-fmllr.cc:118) Did not find posteriors for utterance 15-2016
WARNING (gmm-est-fmllr[5.5.1016]:main():gmmbin/gmm-est-fmllr.cc:118) Did not find posteriors for utterance 15-2022
WARNING (gmm-est-fmllr[5.5.1016]:main():gmmbin/gmm-est-fmllr.cc:118) Did not find posteriors for utterance 15-2023
WARNING (gmm-est-fmllr[5.5.1016]:main():gmmbin/gmm-est-fmllr.cc:118) Did not find posteriors for utterance 15-2025
WARNING (gmm-est-fmllr[5.5.1016]:main():gmmbin/gmm-est-fmllr.cc:118) Did not find posteriors for utterance 15-2029
WARNING (gmm-est-fmllr[5.5.1016]:main():gmmbin/gmm-est-fmllr.cc:118) Did not find posteriors for utterance 15-2034
WARNING (gmm-est-fmllr[5.5.1016]:main():gmmbin/gmm-est-fmllr.cc:118) Did not find posteriors for utterance 15-2036
WARNING (gmm-est-fmllr[5.5.1016]:main():gmmbin/gmm-est-fmllr.cc:118) Did not find posteriors for utterance 15-2038
WARNING (gmm-est-fmllr[5.5.1016]:main():gmmbin/gmm-est-fmllr.cc:118) Did not find posteriors for utterance 15-2040
WARNING (gmm-est-fmllr[5.5.1016]:main():gmmbin/gmm-est-fmllr.cc:118) Did not find posteriors for utterance 15-2042
WARNING (gmm-est-fmllr[5.5.1016]:main():gmmbin/gmm-est-fmllr.cc:118) Did not find posteriors for utterance 15-2045
WARNING (gmm-est-fmllr[5.5.1016]:main():gmmbin/gmm-est-fmllr.cc:118) Did not find posteriors for utterance 15-2051
WARNING (gmm-est-fmllr[5.5.1016]:main():gmmbin/gmm-est-fmllr.cc:118) Did not find posteriors for utterance 15-2052
WARNING (gmm-est-fmllr[5.5.1016]:main():gmmbin/gmm-est-fmllr.cc:118) Did not find posteriors for utterance 15-2073
WARNING (gmm-est-fmllr[5.5.1016]:main():gmmbin/gmm-est-fmllr.cc:118) Did not find posteriors for utterance 15-2074
WARNING (gmm-est-fmllr[5.5.1016]:main():gmmbin/gmm-est-fmllr.cc:118) Did not find posteriors for utterance 15-2084
WARNING (gmm-est-fmllr[5.5.1016]:main():gmmbin/gmm-est-fmllr.cc:118) Did not find posteriors for utterance 15-2093
WARNING (gmm-est-fmllr[5.5.1016]:main():gmmbin/gmm-est-fmllr.cc:118) Did not find posteriors for utterance 15-2095
WARNING (gmm-est-fmllr[5.5.1016]:main():gmmbin/gmm-est-fmllr.cc:118) Did not find posteriors for utterance 15-2099
WARNING (gmm-est-fmllr[5.5.1016]:main():gmmbin/gmm-est-fmllr.cc:118) Did not find posteriors for utterance 15-2103
LOG (gmm-est-fmllr[5.5.1016]:ComputeFmllrMatrixDiagGmmFull():transform/fmllr-diag-gmm.cc:262) fMLLR objf improvement is 4.25388 per frame over 20277 frames.
LOG (gmm-est-fmllr[5.5.1016]:main():gmmbin/gmm-est-fmllr.cc:143) For speaker 15, auxf-impr from fMLLR is 4.25388, over 20277 frames.
WARNING (gmm-est-fmllr[5.5.1016]:main():gmmbin/gmm-est-fmllr.cc:118) Did not find posteriors for utterance 18-2417
WARNING (gmm-est-fmllr[5.5.1016]:main():gmmbin/gmm-est-fmllr.cc:118) Did not find posteriors for utterance 18-2455
WARNING (gmm-est-fmllr[5.5.1016]:main():gmmbin/gmm-est-fmllr.cc:118) Did not find posteriors for utterance 18-2497
WARNING (gmm-est-fmllr[5.5.1016]:main():gmmbin/gmm-est-fmllr.cc:118) Did not find posteriors for utterance 18-2507
WARNING (gmm-est-fmllr[5.5.1016]:main():gmmbin/gmm-est-fmllr.cc:118) Did not find posteriors for utterance 18-2519
WARNING (gmm-est-fmllr[5.5.1016]:main():gmmbin/gmm-est-fmllr.cc:118) Did not find posteriors for utterance 18-2532
LOG (gmm-est-fmllr[5.5.1016]:ComputeFmllrMatrixDiagGmmFull():transform/fmllr-diag-gmm.cc:262) fMLLR objf improvement is 4.67207 per frame over 31947 frames.
LOG (gmm-est-fmllr[5.5.1016]:main():gmmbin/gmm-est-fmllr.cc:143) For speaker 18, auxf-impr from fMLLR is 4.67207, over 31947 frames.
WARNING (gmm-est-fmllr[5.5.1016]:main():gmmbin/gmm-est-fmllr.cc:118) Did not find posteriors for utterance 20-2596
LOG (gmm-est-fmllr[5.5.1016]:ComputeFmllrMatrixDiagGmmFull():transform/fmllr-diag-gmm.cc:262) fMLLR objf improvement is 9.05461 per frame over 621 frames.
LOG (gmm-est-fmllr[5.5.1016]:main():gmmbin/gmm-est-fmllr.cc:143) For speaker 20, auxf-impr from fMLLR is 9.05461, over 621 frames.
WARNING (gmm-est-fmllr[5.5.1016]:main():gmmbin/gmm-est-fmllr.cc:118) Did not find posteriors for utterance 22-2866
WARNING (gmm-est-fmllr[5.5.1016]:main():gmmbin/gmm-est-fmllr.cc:118) Did not find posteriors for utterance 22-2868
WARNING (gmm-est-fmllr[5.5.1016]:main():gmmbin/gmm-est-fmllr.cc:118) Did not find posteriors for utterance 22-2870
WARNING (gmm-est-fmllr[5.5.1016]:main():gmmbin/gmm-est-fmllr.cc:118) Did not find posteriors for utterance 22-2879
WARNING (gmm-est-fmllr[5.5.1016]:main():gmmbin/gmm-est-fmllr.cc:118) Did not find posteriors for utterance 22-2881
WARNING (gmm-est-fmllr[5.5.1016]:main():gmmbin/gmm-est-fmllr.cc:118) Did not find posteriors for utterance 22-2888
WARNING (gmm-est-fmllr[5.5.1016]:main():gmmbin/gmm-est-fmllr.cc:118) Did not find posteriors for utterance 22-2889
WARNING (gmm-est-fmllr[5.5.1016]:main():gmmbin/gmm-est-fmllr.cc:118) Did not find posteriors for utterance 22-2894
WARNING (gmm-est-fmllr[5.5.1016]:main():gmmbin/gmm-est-fmllr.cc:118) Did not find posteriors for utterance 22-2903
WARNING (gmm-est-fmllr[5.5.1016]:main():gmmbin/gmm-est-fmllr.cc:118) Did not find posteriors for utterance 22-2904
WARNING (gmm-est-fmllr[5.5.1016]:main():gmmbin/gmm-est-fmllr.cc:118) Did not find posteriors for utterance 22-2908
WARNING (gmm-est-fmllr[5.5.1016]:main():gmmbin/gmm-est-fmllr.cc:118) Did not find posteriors for utterance 22-2911
WARNING (gmm-est-fmllr[5.5.1016]:main():gmmbin/gmm-est-fmllr.cc:118) Did not find posteriors for utterance 22-2915
WARNING (gmm-est-fmllr[5.5.1016]:main():gmmbin/gmm-est-fmllr.cc:118) Did not find posteriors for utterance 22-2932
WARNING (gmm-est-fmllr[5.5.1016]:main():gmmbin/gmm-est-fmllr.cc:118) Did not find posteriors for utterance 22-2937
WARNING (gmm-est-fmllr[5.5.1016]:main():gmmbin/gmm-est-fmllr.cc:118) Did not find posteriors for utterance 22-2944
WARNING (gmm-est-fmllr[5.5.1016]:main():gmmbin/gmm-est-fmllr.cc:118) Did not find posteriors for utterance 22-2949
WARNING (gmm-est-fmllr[5.5.1016]:main():gmmbin/gmm-est-fmllr.cc:118) Did not find posteriors for utterance 22-2956
WARNING (gmm-est-fmllr[5.5.1016]:main():gmmbin/gmm-est-fmllr.cc:118) Did not find posteriors for utterance 22-2958
WARNING (gmm-est-fmllr[5.5.1016]:main():gmmbin/gmm-est-fmllr.cc:118) Did not find posteriors for utterance 22-2963
WARNING (gmm-est-fmllr[5.5.1016]:main():gmmbin/gmm-est-fmllr.cc:118) Did not find posteriors for utterance 22-2972
WARNING (gmm-est-fmllr[5.5.1016]:main():gmmbin/gmm-est-fmllr.cc:118) Did not find posteriors for utterance 22-2973
WARNING (gmm-est-fmllr[5.5.1016]:main():gmmbin/gmm-est-fmllr.cc:118) Did not find posteriors for utterance 22-2975
WARNING (gmm-est-fmllr[5.5.1016]:main():gmmbin/gmm-est-fmllr.cc:118) Did not find posteriors for utterance 22-2976
WARNING (gmm-est-fmllr[5.5.1016]:main():gmmbin/gmm-est-fmllr.cc:118) Did not find posteriors for utterance 22-2986
WARNING (gmm-est-fmllr[5.5.1016]:main():gmmbin/gmm-est-fmllr.cc:118) Did not find posteriors for utterance 22-2990
WARNING (gmm-est-fmllr[5.5.1016]:main():gmmbin/gmm-est-fmllr.cc:118) Did not find posteriors for utterance 22-2992
WARNING (gmm-est-fmllr[5.5.1016]:main():gmmbin/gmm-est-fmllr.cc:118) Did not find posteriors for utterance 22-3004
WARNING (gmm-est-fmllr[5.5.1016]:main():gmmbin/gmm-est-fmllr.cc:118) Did not find posteriors for utterance 22-3014
WARNING (gmm-est-fmllr[5.5.1016]:main():gmmbin/gmm-est-fmllr.cc:118) Did not find posteriors for utterance 22-3016
WARNING (gmm-est-fmllr[5.5.1016]:main():gmmbin/gmm-est-fmllr.cc:118) Did not find posteriors for utterance 22-3027
WARNING (gmm-est-fmllr[5.5.1016]:main():gmmbin/gmm-est-fmllr.cc:118) Did not find posteriors for utterance 22-3029
WARNING (gmm-est-fmllr[5.5.1016]:main():gmmbin/gmm-est-fmllr.cc:118) Did not find posteriors for utterance 22-3032
WARNING (gmm-est-fmllr[5.5.1016]:main():gmmbin/gmm-est-fmllr.cc:118) Did not find posteriors for utterance 22-3038
WARNING (gmm-est-fmllr[5.5.1016]:main():gmmbin/gmm-est-fmllr.cc:118) Did not find posteriors for utterance 22-3040
WARNING (gmm-est-fmllr[5.5.1016]:main():gmmbin/gmm-est-fmllr.cc:118) Did not find posteriors for utterance 22-3041
WARNING (gmm-est-fmllr[5.5.1016]:main():gmmbin/gmm-est-fmllr.cc:118) Did not find posteriors for utterance 22-3043
WARNING (gmm-est-fmllr[5.5.1016]:main():gmmbin/gmm-est-fmllr.cc:118) Did not find posteriors for utterance 22-3046
WARNING (gmm-est-fmllr[5.5.1016]:main():gmmbin/gmm-est-fmllr.cc:118) Did not find posteriors for utterance 22-3047
WARNING (gmm-est-fmllr[5.5.1016]:main():gmmbin/gmm-est-fmllr.cc:118) Did not find posteriors for utterance 22-3050
WARNING (gmm-est-fmllr[5.5.1016]:main():gmmbin/gmm-est-fmllr.cc:118) Did not find posteriors for utterance 22-3054
WARNING (gmm-est-fmllr[5.5.1016]:main():gmmbin/gmm-est-fmllr.cc:118) Did not find posteriors for utterance 22-3055
WARNING (gmm-est-fmllr[5.5.1016]:main():gmmbin/gmm-est-fmllr.cc:118) Did not find posteriors for utterance 22-3057
WARNING (gmm-est-fmllr[5.5.1016]:main():gmmbin/gmm-est-fmllr.cc:118) Did not find posteriors for utterance 22-3061
WARNING (gmm-est-fmllr[5.5.1016]:main():gmmbin/gmm-est-fmllr.cc:118) Did not find posteriors for utterance 22-3067
WARNING (gmm-est-fmllr[5.5.1016]:main():gmmbin/gmm-est-fmllr.cc:118) Did not find posteriors for utterance 22-3070
WARNING (gmm-est-fmllr[5.5.1016]:main():gmmbin/gmm-est-fmllr.cc:118) Did not find posteriors for utterance 22-3076
WARNING (gmm-est-fmllr[5.5.1016]:main():gmmbin/gmm-est-fmllr.cc:118) Did not find posteriors for utterance 22-3080
WARNING (gmm-est-fmllr[5.5.1016]:main():gmmbin/gmm-est-fmllr.cc:118) Did not find posteriors for utterance 22-3082
WARNING (gmm-est-fmllr[5.5.1016]:main():gmmbin/gmm-est-fmllr.cc:118) Did not find posteriors for utterance 22-3083
WARNING (gmm-est-fmllr[5.5.1016]:main():gmmbin/gmm-est-fmllr.cc:118) Did not find posteriors for utterance 22-3085
WARNING (gmm-est-fmllr[5.5.1016]:main():gmmbin/gmm-est-fmllr.cc:118) Did not find posteriors for utterance 22-3093
WARNING (gmm-est-fmllr[5.5.1016]:main():gmmbin/gmm-est-fmllr.cc:118) Did not find posteriors for utterance 22-3095
WARNING (gmm-est-fmllr[5.5.1016]:main():gmmbin/gmm-est-fmllr.cc:118) Did not find posteriors for utterance 22-3097
WARNING (gmm-est-fmllr[5.5.1016]:main():gmmbin/gmm-est-fmllr.cc:118) Did not find posteriors for utterance 22-3112
LOG (gmm-est-fmllr[5.5.1016]:ComputeFmllrMatrixDiagGmmFull():transform/fmllr-diag-gmm.cc:262) fMLLR objf improvement is 3.80553 per frame over 26599 frames.
LOG (gmm-est-fmllr[5.5.1016]:main():gmmbin/gmm-est-fmllr.cc:143) For speaker 22, auxf-impr from fMLLR is 3.80553, over 26599 frames.
LOG (gmm-est-fmllr[5.5.1016]:ComputeFmllrMatrixDiagGmmFull():transform/fmllr-diag-gmm.cc:262) fMLLR objf improvement is 6.21343 per frame over 28805 frames.
LOG (gmm-est-fmllr[5.5.1016]:main():gmmbin/gmm-est-fmllr.cc:143) For speaker 26, auxf-impr from fMLLR is 6.21343, over 28805 frames.
WARNING (gmm-est-fmllr[5.5.1016]:Update():transform/fmllr-diag-gmm.cc:162) Not updating fMLLR since below min-count: count is 75
LOG (gmm-est-fmllr[5.5.1016]:main():gmmbin/gmm-est-fmllr.cc:143) For speaker 27, auxf-impr from fMLLR is 0, over 75 frames.
LOG (gmm-est-fmllr[5.5.1016]:ComputeFmllrMatrixDiagGmmFull():transform/fmllr-diag-gmm.cc:262) fMLLR objf improvement is 10.8679 per frame over 670 frames.
LOG (gmm-est-fmllr[5.5.1016]:main():gmmbin/gmm-est-fmllr.cc:143) For speaker 3, auxf-impr from fMLLR is 10.8679, over 670 frames.
LOG (gmm-est-fmllr[5.5.1016]:ComputeFmllrMatrixDiagGmmFull():transform/fmllr-diag-gmm.cc:262) fMLLR objf improvement is 4.69857 per frame over 9783 frames.
LOG (gmm-est-fmllr[5.5.1016]:main():gmmbin/gmm-est-fmllr.cc:143) For speaker 38, auxf-impr from fMLLR is 4.69857, over 9783 frames.
LOG (gmm-est-fmllr[5.5.1016]:ComputeFmllrMatrixDiagGmmFull():transform/fmllr-diag-gmm.cc:262) fMLLR objf improvement is 4.95688 per frame over 56575 frames.
LOG (gmm-est-fmllr[5.5.1016]:main():gmmbin/gmm-est-fmllr.cc:143) For speaker 39, auxf-impr from fMLLR is 4.95688, over 56575 frames.
LOG (gmm-est-fmllr[5.5.1016]:ComputeFmllrMatrixDiagGmmFull():transform/fmllr-diag-gmm.cc:262) fMLLR objf improvement is 6.1632 per frame over 3477 frames.
LOG (gmm-est-fmllr[5.5.1016]:main():gmmbin/gmm-est-fmllr.cc:143) For speaker 45, auxf-impr from fMLLR is 6.1632, over 3477 frames.
WARNING (gmm-est-fmllr[5.5.1016]:main():gmmbin/gmm-est-fmllr.cc:118) Did not find posteriors for utterance 48-5378
WARNING (gmm-est-fmllr[5.5.1016]:main():gmmbin/gmm-est-fmllr.cc:118) Did not find posteriors for utterance 48-5381
WARNING (gmm-est-fmllr[5.5.1016]:main():gmmbin/gmm-est-fmllr.cc:118) Did not find posteriors for utterance 48-5382
WARNING (gmm-est-fmllr[5.5.1016]:main():gmmbin/gmm-est-fmllr.cc:118) Did not find posteriors for utterance 48-5391
WARNING (gmm-est-fmllr[5.5.1016]:main():gmmbin/gmm-est-fmllr.cc:118) Did not find posteriors for utterance 48-5392
WARNING (gmm-est-fmllr[5.5.1016]:main():gmmbin/gmm-est-fmllr.cc:118) Did not find posteriors for utterance 48-5398
LOG (gmm-est-fmllr[5.5.1016]:ComputeFmllrMatrixDiagGmmFull():transform/fmllr-diag-gmm.cc:262) fMLLR objf improvement is 12.4194 per frame over 2820 frames.
LOG (gmm-est-fmllr[5.5.1016]:main():gmmbin/gmm-est-fmllr.cc:143) For speaker 48, auxf-impr from fMLLR is 12.4194, over 2820 frames.
LOG (gmm-est-fmllr[5.5.1016]:ComputeFmllrMatrixDiagGmmFull():transform/fmllr-diag-gmm.cc:262) fMLLR objf improvement is 3.92977 per frame over 48849 frames.
LOG (gmm-est-fmllr[5.5.1016]:main():gmmbin/gmm-est-fmllr.cc:143) For speaker 51, auxf-impr from fMLLR is 3.92977, over 48849 frames.
WARNING (gmm-est-fmllr[5.5.1016]:main():gmmbin/gmm-est-fmllr.cc:118) Did not find posteriors for utterance 56-5880
WARNING (gmm-est-fmllr[5.5.1016]:main():gmmbin/gmm-est-fmllr.cc:118) Did not find posteriors for utterance 56-5883
WARNING (gmm-est-fmllr[5.5.1016]:main():gmmbin/gmm-est-fmllr.cc:118) Did not find posteriors for utterance 56-5906
WARNING (gmm-est-fmllr[5.5.1016]:main():gmmbin/gmm-est-fmllr.cc:118) Did not find posteriors for utterance 56-5908
WARNING (gmm-est-fmllr[5.5.1016]:main():gmmbin/gmm-est-fmllr.cc:118) Did not find posteriors for utterance 56-5944
WARNING (gmm-est-fmllr[5.5.1016]:main():gmmbin/gmm-est-fmllr.cc:118) Did not find posteriors for utterance 56-5970
LOG (gmm-est-fmllr[5.5.1016]:ComputeFmllrMatrixDiagGmmFull():transform/fmllr-diag-gmm.cc:262) fMLLR objf improvement is 9.41706 per frame over 21200 frames.
LOG (gmm-est-fmllr[5.5.1016]:main():gmmbin/gmm-est-fmllr.cc:143) For speaker 56, auxf-impr from fMLLR is 9.41706, over 21200 frames.
WARNING (gmm-est-fmllr[5.5.1016]:Update():transform/fmllr-diag-gmm.cc:162) Not updating fMLLR since below min-count: count is 66
LOG (gmm-est-fmllr[5.5.1016]:main():gmmbin/gmm-est-fmllr.cc:143) For speaker 58, auxf-impr from fMLLR is 0, over 66 frames.
LOG (gmm-est-fmllr[5.5.1016]:ComputeFmllrMatrixDiagGmmFull():transform/fmllr-diag-gmm.cc:262) fMLLR objf improvement is 3.63489 per frame over 9329 frames.
LOG (gmm-est-fmllr[5.5.1016]:main():gmmbin/gmm-est-fmllr.cc:143) For speaker 59, auxf-impr from fMLLR is 3.63489, over 9329 frames.
LOG (gmm-est-fmllr[5.5.1016]:ComputeFmllrMatrixDiagGmmFull():transform/fmllr-diag-gmm.cc:262) fMLLR objf improvement is 4.77363 per frame over 20016 frames.
LOG (gmm-est-fmllr[5.5.1016]:main():gmmbin/gmm-est-fmllr.cc:143) For speaker 60, auxf-impr from fMLLR is 4.77363, over 20016 frames.
LOG (gmm-est-fmllr[5.5.1016]:ComputeFmllrMatrixDiagGmmFull():transform/fmllr-diag-gmm.cc:262) fMLLR objf improvement is 3.90815 per frame over 20894 frames.
LOG (gmm-est-fmllr[5.5.1016]:main():gmmbin/gmm-est-fmllr.cc:143) For speaker 61, auxf-impr from fMLLR is 3.90815, over 20894 frames.
LOG (gmm-est-fmllr[5.5.1016]:ComputeFmllrMatrixDiagGmmFull():transform/fmllr-diag-gmm.cc:262) fMLLR objf improvement is 4.70508 per frame over 24783 frames.
LOG (gmm-est-fmllr[5.5.1016]:main():gmmbin/gmm-est-fmllr.cc:143) For speaker 62, auxf-impr from fMLLR is 4.70508, over 24783 frames.
LOG (gmm-est-fmllr[5.5.1016]:ComputeFmllrMatrixDiagGmmFull():transform/fmllr-diag-gmm.cc:262) fMLLR objf improvement is 5.186 per frame over 11023 frames.
LOG (gmm-est-fmllr[5.5.1016]:main():gmmbin/gmm-est-fmllr.cc:143) For speaker 64, auxf-impr from fMLLR is 5.186, over 11023 frames.
LOG (gmm-est-fmllr[5.5.1016]:ComputeFmllrMatrixDiagGmmFull():transform/fmllr-diag-gmm.cc:262) fMLLR objf improvement is 5.80556 per frame over 1989 frames.
LOG (ali-to-post[5.5.1016]:main():bin/ali-to-post.cc:73) Converted 3060 alignments.
LOG (weight-silence-post[5.5.1016]:main():bin/weight-silence-post.cc:95) Done 3060 posteriors.
LOG (gmm-est-fmllr[5.5.1016]:main():gmmbin/gmm-est-fmllr.cc:143) For speaker 68, auxf-impr from fMLLR is 5.80556, over 1989 frames.
LOG (gmm-est-fmllr[5.5.1016]:ComputeFmllrMatrixDiagGmmFull():transform/fmllr-diag-gmm.cc:262) fMLLR objf improvement is 5.06014 per frame over 45319 frames.
LOG (gmm-est-fmllr[5.5.1016]:main():gmmbin/gmm-est-fmllr.cc:143) For speaker 75, auxf-impr from fMLLR is 5.06014, over 45319 frames.
LOG (gmm-est-fmllr[5.5.1016]:ComputeFmllrMatrixDiagGmmFull():transform/fmllr-diag-gmm.cc:262) fMLLR objf improvement is 8.70832 per frame over 586 frames.
LOG (gmm-est-fmllr[5.5.1016]:main():gmmbin/gmm-est-fmllr.cc:143) For speaker 76, auxf-impr from fMLLR is 8.70832, over 586 frames.
LOG (gmm-est-fmllr[5.5.1016]:ComputeFmllrMatrixDiagGmmFull():transform/fmllr-diag-gmm.cc:262) fMLLR objf improvement is 4.70366 per frame over 24156 frames.
LOG (gmm-est-fmllr[5.5.1016]:main():gmmbin/gmm-est-fmllr.cc:143) For speaker 78, auxf-impr from fMLLR is 4.70366, over 24156 frames.
LOG (gmm-est-fmllr[5.5.1016]:ComputeFmllrMatrixDiagGmmFull():transform/fmllr-diag-gmm.cc:262) fMLLR objf improvement is 5.44384 per frame over 6821 frames.
LOG (gmm-est-fmllr[5.5.1016]:main():gmmbin/gmm-est-fmllr.cc:143) For speaker 9, auxf-impr from fMLLR is 5.44384, over 6821 frames.
WARNING (gmm-est-fmllr[5.5.1016]:main():gmmbin/gmm-est-fmllr.cc:118) Did not find posteriors for utterance 93-9705
LOG (gmm-est-fmllr[5.5.1016]:ComputeFmllrMatrixDiagGmmFull():transform/fmllr-diag-gmm.cc:262) fMLLR objf improvement is 3.85419 per frame over 14378 frames.
LOG (gmm-est-fmllr[5.5.1016]:main():gmmbin/gmm-est-fmllr.cc:143) For speaker 93, auxf-impr from fMLLR is 3.85419, over 14378 frames.
LOG (gmm-est-fmllr[5.5.1016]:ComputeFmllrMatrixDiagGmmFull():transform/fmllr-diag-gmm.cc:262) fMLLR objf improvement is 9.53192 per frame over 12670 frames.
LOG (gmm-est-fmllr[5.5.1016]:main():gmmbin/gmm-est-fmllr.cc:143) For speaker 94, auxf-impr from fMLLR is 9.53192, over 12670 frames.
LOG (apply-cmvn[5.5.1016]:main():featbin/apply-cmvn.cc:162) Applied cepstral mean normalization to 3203 utterances, errors on 0
WARNING (gmm-est-fmllr[5.5.1016]:main():gmmbin/gmm-est-fmllr.cc:118) Did not find posteriors for utterance 97-9972
LOG (transform-feats[5.5.1016]:main():featbin/transform-feats.cc:158) Overall average [pseudo-]logdet is -91.063 over 1.0183e+06 frames.
LOG (transform-feats[5.5.1016]:main():featbin/transform-feats.cc:161) Applied transform to 3203 utterances; 0 had errors.
LOG (gmm-est-fmllr[5.5.1016]:ComputeFmllrMatrixDiagGmmFull():transform/fmllr-diag-gmm.cc:262) fMLLR objf improvement is 5.74678 per frame over 1351 frames.
LOG (gmm-est-fmllr[5.5.1016]:main():gmmbin/gmm-est-fmllr.cc:143) For speaker 97, auxf-impr from fMLLR is 5.74678, over 1351 frames.
LOG (gmm-est-fmllr[5.5.1016]:main():gmmbin/gmm-est-fmllr.cc:188) Done 3060 files, 143 with no posts, 0 with other errors.
LOG (gmm-est-fmllr[5.5.1016]:main():gmmbin/gmm-est-fmllr.cc:190) Overall fMLLR auxf impr per frame is 4.99936 over 600050 frames.
