/home/caitlinr/.conda/envs/capti/bin/weight-silence-post 0.0 1:2:3:4:5:6:7:8:9:10:11:12:13:14:15 ./mfa/alignment/capt1ni_pretrained_aligner/pretrained_aligner/final.mdl ark:- ark:- 
/home/caitlinr/.conda/envs/capti/bin/ali-to-post ark:./mfa/alignment/capt1ni_pretrained_aligner/pretrained_aligner/ali.1.0.ark ark:- 
/home/caitlinr/.conda/envs/capti/bin/gmm-est-fmllr --verbose=4 --fmllr-update-type=full --spk2utt=ark:./mfa/alignment/capt1ni_pretrained_aligner/capt1ni/split4/spk2utt.1.0.scp ./mfa/alignment/capt1ni_pretrained_aligner/pretrained_aligner/final.mdl 'ark,s,cs:apply-cmvn --utt2spk=ark:./mfa/alignment/capt1ni_pretrained_aligner/capt1ni/split4/utt2spk.1.0.scp scp:./mfa/alignment/capt1ni_pretrained_aligner/capt1ni/split4/cmvn.1.0.scp scp:./mfa/alignment/capt1ni_pretrained_aligner/capt1ni/split4/feats.1.0.scp ark:- | splice-feats --left-context=3 --right-context=3 ark:- ark:- | transform-feats ./mfa/alignment/capt1ni_pretrained_aligner/pretrained_aligner/lda.mat ark:- ark:- |' ark,s,cs:- ark:./mfa/alignment/capt1ni_pretrained_aligner/pretrained_aligner/trans.1.0.ark 
splice-feats --left-context=3 --right-context=3 ark:- ark:- 
transform-feats ./mfa/alignment/capt1ni_pretrained_aligner/pretrained_aligner/lda.mat ark:- ark:- 
apply-cmvn --utt2spk=ark:./mfa/alignment/capt1ni_pretrained_aligner/capt1ni/split4/utt2spk.1.0.scp scp:./mfa/alignment/capt1ni_pretrained_aligner/capt1ni/split4/cmvn.1.0.scp scp:./mfa/alignment/capt1ni_pretrained_aligner/capt1ni/split4/feats.1.0.scp ark:- 
LOG (gmm-est-fmllr[5.5.1016]:ComputeFmllrMatrixDiagGmmFull():transform/fmllr-diag-gmm.cc:262) fMLLR objf improvement is 8.4586 per frame over 9987 frames.
LOG (gmm-est-fmllr[5.5.1016]:main():gmmbin/gmm-est-fmllr.cc:143) For speaker 104, auxf-impr from fMLLR is 8.4586, over 9987 frames.
WARNING (gmm-est-fmllr[5.5.1016]:main():gmmbin/gmm-est-fmllr.cc:118) Did not find posteriors for utterance 11-1623
WARNING (gmm-est-fmllr[5.5.1016]:main():gmmbin/gmm-est-fmllr.cc:118) Did not find posteriors for utterance 11-1680
WARNING (gmm-est-fmllr[5.5.1016]:main():gmmbin/gmm-est-fmllr.cc:118) Did not find posteriors for utterance 11-1792
WARNING (gmm-est-fmllr[5.5.1016]:main():gmmbin/gmm-est-fmllr.cc:118) Did not find posteriors for utterance 11-1798
LOG (gmm-est-fmllr[5.5.1016]:ComputeFmllrMatrixDiagGmmFull():transform/fmllr-diag-gmm.cc:262) fMLLR objf improvement is 4.28591 per frame over 42130 frames.
LOG (gmm-est-fmllr[5.5.1016]:main():gmmbin/gmm-est-fmllr.cc:143) For speaker 11, auxf-impr from fMLLR is 4.28591, over 42130 frames.
WARNING (gmm-est-fmllr[5.5.1016]:main():gmmbin/gmm-est-fmllr.cc:118) Did not find posteriors for utterance 110-10975
WARNING (gmm-est-fmllr[5.5.1016]:Update():transform/fmllr-diag-gmm.cc:162) Not updating fMLLR since below min-count: count is 0
LOG (gmm-est-fmllr[5.5.1016]:main():gmmbin/gmm-est-fmllr.cc:143) For speaker 110, auxf-impr from fMLLR is -nan, over 0 frames.
WARNING (gmm-est-fmllr[5.5.1016]:main():gmmbin/gmm-est-fmllr.cc:118) Did not find posteriors for utterance 113-11639
LOG (gmm-est-fmllr[5.5.1016]:ComputeFmllrMatrixDiagGmmFull():transform/fmllr-diag-gmm.cc:262) fMLLR objf improvement is 3.59248 per frame over 55958 frames.
LOG (gmm-est-fmllr[5.5.1016]:main():gmmbin/gmm-est-fmllr.cc:143) For speaker 113, auxf-impr from fMLLR is 3.59248, over 55958 frames.
LOG (gmm-est-fmllr[5.5.1016]:ComputeFmllrMatrixDiagGmmFull():transform/fmllr-diag-gmm.cc:262) fMLLR objf improvement is 3.89485 per frame over 5976 frames.
LOG (gmm-est-fmllr[5.5.1016]:main():gmmbin/gmm-est-fmllr.cc:143) For speaker 114, auxf-impr from fMLLR is 3.89485, over 5976 frames.
LOG (gmm-est-fmllr[5.5.1016]:ComputeFmllrMatrixDiagGmmFull():transform/fmllr-diag-gmm.cc:262) fMLLR objf improvement is 6.39864 per frame over 1031 frames.
LOG (gmm-est-fmllr[5.5.1016]:main():gmmbin/gmm-est-fmllr.cc:143) For speaker 120, auxf-impr from fMLLR is 6.39864, over 1031 frames.
WARNING (gmm-est-fmllr[5.5.1016]:main():gmmbin/gmm-est-fmllr.cc:118) Did not find posteriors for utterance 122-12402
WARNING (gmm-est-fmllr[5.5.1016]:main():gmmbin/gmm-est-fmllr.cc:118) Did not find posteriors for utterance 122-12404
WARNING (gmm-est-fmllr[5.5.1016]:main():gmmbin/gmm-est-fmllr.cc:118) Did not find posteriors for utterance 122-12405
WARNING (gmm-est-fmllr[5.5.1016]:main():gmmbin/gmm-est-fmllr.cc:118) Did not find posteriors for utterance 122-12406
WARNING (gmm-est-fmllr[5.5.1016]:main():gmmbin/gmm-est-fmllr.cc:118) Did not find posteriors for utterance 122-12407
WARNING (gmm-est-fmllr[5.5.1016]:main():gmmbin/gmm-est-fmllr.cc:118) Did not find posteriors for utterance 122-12409
WARNING (gmm-est-fmllr[5.5.1016]:main():gmmbin/gmm-est-fmllr.cc:118) Did not find posteriors for utterance 122-12410
WARNING (gmm-est-fmllr[5.5.1016]:main():gmmbin/gmm-est-fmllr.cc:118) Did not find posteriors for utterance 122-12411
WARNING (gmm-est-fmllr[5.5.1016]:main():gmmbin/gmm-est-fmllr.cc:118) Did not find posteriors for utterance 122-12414
WARNING (gmm-est-fmllr[5.5.1016]:main():gmmbin/gmm-est-fmllr.cc:118) Did not find posteriors for utterance 122-12415
WARNING (gmm-est-fmllr[5.5.1016]:main():gmmbin/gmm-est-fmllr.cc:118) Did not find posteriors for utterance 122-12416
WARNING (gmm-est-fmllr[5.5.1016]:main():gmmbin/gmm-est-fmllr.cc:118) Did not find posteriors for utterance 122-12417
WARNING (gmm-est-fmllr[5.5.1016]:main():gmmbin/gmm-est-fmllr.cc:118) Did not find posteriors for utterance 122-12418
WARNING (gmm-est-fmllr[5.5.1016]:main():gmmbin/gmm-est-fmllr.cc:118) Did not find posteriors for utterance 122-12419
WARNING (gmm-est-fmllr[5.5.1016]:main():gmmbin/gmm-est-fmllr.cc:118) Did not find posteriors for utterance 122-12423
WARNING (gmm-est-fmllr[5.5.1016]:main():gmmbin/gmm-est-fmllr.cc:118) Did not find posteriors for utterance 122-12424
WARNING (gmm-est-fmllr[5.5.1016]:main():gmmbin/gmm-est-fmllr.cc:118) Did not find posteriors for utterance 122-12428
WARNING (gmm-est-fmllr[5.5.1016]:main():gmmbin/gmm-est-fmllr.cc:118) Did not find posteriors for utterance 122-12430
WARNING (gmm-est-fmllr[5.5.1016]:main():gmmbin/gmm-est-fmllr.cc:118) Did not find posteriors for utterance 122-12431
WARNING (gmm-est-fmllr[5.5.1016]:main():gmmbin/gmm-est-fmllr.cc:118) Did not find posteriors for utterance 122-12434
WARNING (gmm-est-fmllr[5.5.1016]:main():gmmbin/gmm-est-fmllr.cc:118) Did not find posteriors for utterance 122-12435
WARNING (gmm-est-fmllr[5.5.1016]:main():gmmbin/gmm-est-fmllr.cc:118) Did not find posteriors for utterance 122-12436
WARNING (gmm-est-fmllr[5.5.1016]:main():gmmbin/gmm-est-fmllr.cc:118) Did not find posteriors for utterance 122-12440
WARNING (gmm-est-fmllr[5.5.1016]:main():gmmbin/gmm-est-fmllr.cc:118) Did not find posteriors for utterance 122-12441
WARNING (gmm-est-fmllr[5.5.1016]:main():gmmbin/gmm-est-fmllr.cc:118) Did not find posteriors for utterance 122-12443
WARNING (gmm-est-fmllr[5.5.1016]:main():gmmbin/gmm-est-fmllr.cc:118) Did not find posteriors for utterance 122-12444
WARNING (gmm-est-fmllr[5.5.1016]:main():gmmbin/gmm-est-fmllr.cc:118) Did not find posteriors for utterance 122-12445
WARNING (gmm-est-fmllr[5.5.1016]:main():gmmbin/gmm-est-fmllr.cc:118) Did not find posteriors for utterance 122-12447
WARNING (gmm-est-fmllr[5.5.1016]:main():gmmbin/gmm-est-fmllr.cc:118) Did not find posteriors for utterance 122-12449
WARNING (gmm-est-fmllr[5.5.1016]:main():gmmbin/gmm-est-fmllr.cc:118) Did not find posteriors for utterance 122-12450
WARNING (gmm-est-fmllr[5.5.1016]:main():gmmbin/gmm-est-fmllr.cc:118) Did not find posteriors for utterance 122-12454
WARNING (gmm-est-fmllr[5.5.1016]:main():gmmbin/gmm-est-fmllr.cc:118) Did not find posteriors for utterance 122-12455
WARNING (gmm-est-fmllr[5.5.1016]:main():gmmbin/gmm-est-fmllr.cc:118) Did not find posteriors for utterance 122-12456
WARNING (gmm-est-fmllr[5.5.1016]:main():gmmbin/gmm-est-fmllr.cc:118) Did not find posteriors for utterance 122-12457
WARNING (gmm-est-fmllr[5.5.1016]:main():gmmbin/gmm-est-fmllr.cc:118) Did not find posteriors for utterance 122-12458
WARNING (gmm-est-fmllr[5.5.1016]:main():gmmbin/gmm-est-fmllr.cc:118) Did not find posteriors for utterance 122-12464
WARNING (gmm-est-fmllr[5.5.1016]:main():gmmbin/gmm-est-fmllr.cc:118) Did not find posteriors for utterance 122-12465
WARNING (gmm-est-fmllr[5.5.1016]:main():gmmbin/gmm-est-fmllr.cc:118) Did not find posteriors for utterance 122-12466
WARNING (gmm-est-fmllr[5.5.1016]:main():gmmbin/gmm-est-fmllr.cc:118) Did not find posteriors for utterance 122-12467
WARNING (gmm-est-fmllr[5.5.1016]:main():gmmbin/gmm-est-fmllr.cc:118) Did not find posteriors for utterance 122-12470
WARNING (gmm-est-fmllr[5.5.1016]:main():gmmbin/gmm-est-fmllr.cc:118) Did not find posteriors for utterance 122-12472
WARNING (gmm-est-fmllr[5.5.1016]:main():gmmbin/gmm-est-fmllr.cc:118) Did not find posteriors for utterance 122-12478
WARNING (gmm-est-fmllr[5.5.1016]:main():gmmbin/gmm-est-fmllr.cc:118) Did not find posteriors for utterance 122-12484
WARNING (gmm-est-fmllr[5.5.1016]:main():gmmbin/gmm-est-fmllr.cc:118) Did not find posteriors for utterance 122-12486
WARNING (gmm-est-fmllr[5.5.1016]:main():gmmbin/gmm-est-fmllr.cc:118) Did not find posteriors for utterance 122-12487
WARNING (gmm-est-fmllr[5.5.1016]:main():gmmbin/gmm-est-fmllr.cc:118) Did not find posteriors for utterance 122-12489
WARNING (gmm-est-fmllr[5.5.1016]:main():gmmbin/gmm-est-fmllr.cc:118) Did not find posteriors for utterance 122-12492
WARNING (gmm-est-fmllr[5.5.1016]:main():gmmbin/gmm-est-fmllr.cc:118) Did not find posteriors for utterance 122-12495
WARNING (gmm-est-fmllr[5.5.1016]:main():gmmbin/gmm-est-fmllr.cc:118) Did not find posteriors for utterance 122-12497
WARNING (gmm-est-fmllr[5.5.1016]:main():gmmbin/gmm-est-fmllr.cc:118) Did not find posteriors for utterance 122-12499
WARNING (gmm-est-fmllr[5.5.1016]:main():gmmbin/gmm-est-fmllr.cc:118) Did not find posteriors for utterance 122-12508
WARNING (gmm-est-fmllr[5.5.1016]:main():gmmbin/gmm-est-fmllr.cc:118) Did not find posteriors for utterance 122-12511
WARNING (gmm-est-fmllr[5.5.1016]:main():gmmbin/gmm-est-fmllr.cc:118) Did not find posteriors for utterance 122-12516
WARNING (gmm-est-fmllr[5.5.1016]:main():gmmbin/gmm-est-fmllr.cc:118) Did not find posteriors for utterance 122-12517
WARNING (gmm-est-fmllr[5.5.1016]:main():gmmbin/gmm-est-fmllr.cc:118) Did not find posteriors for utterance 122-12518
WARNING (gmm-est-fmllr[5.5.1016]:main():gmmbin/gmm-est-fmllr.cc:118) Did not find posteriors for utterance 122-12519
WARNING (gmm-est-fmllr[5.5.1016]:main():gmmbin/gmm-est-fmllr.cc:118) Did not find posteriors for utterance 122-12522
WARNING (gmm-est-fmllr[5.5.1016]:main():gmmbin/gmm-est-fmllr.cc:118) Did not find posteriors for utterance 122-12525
WARNING (gmm-est-fmllr[5.5.1016]:main():gmmbin/gmm-est-fmllr.cc:118) Did not find posteriors for utterance 122-12526
WARNING (gmm-est-fmllr[5.5.1016]:main():gmmbin/gmm-est-fmllr.cc:118) Did not find posteriors for utterance 122-12527
WARNING (gmm-est-fmllr[5.5.1016]:main():gmmbin/gmm-est-fmllr.cc:118) Did not find posteriors for utterance 122-12528
WARNING (gmm-est-fmllr[5.5.1016]:main():gmmbin/gmm-est-fmllr.cc:118) Did not find posteriors for utterance 122-12532
WARNING (gmm-est-fmllr[5.5.1016]:main():gmmbin/gmm-est-fmllr.cc:118) Did not find posteriors for utterance 122-12533
WARNING (gmm-est-fmllr[5.5.1016]:main():gmmbin/gmm-est-fmllr.cc:118) Did not find posteriors for utterance 122-12534
WARNING (gmm-est-fmllr[5.5.1016]:main():gmmbin/gmm-est-fmllr.cc:118) Did not find posteriors for utterance 122-12535
WARNING (gmm-est-fmllr[5.5.1016]:main():gmmbin/gmm-est-fmllr.cc:118) Did not find posteriors for utterance 122-12536
WARNING (gmm-est-fmllr[5.5.1016]:main():gmmbin/gmm-est-fmllr.cc:118) Did not find posteriors for utterance 122-12537
WARNING (gmm-est-fmllr[5.5.1016]:main():gmmbin/gmm-est-fmllr.cc:118) Did not find posteriors for utterance 122-12538
WARNING (gmm-est-fmllr[5.5.1016]:main():gmmbin/gmm-est-fmllr.cc:118) Did not find posteriors for utterance 122-12539
WARNING (gmm-est-fmllr[5.5.1016]:main():gmmbin/gmm-est-fmllr.cc:118) Did not find posteriors for utterance 122-12540
WARNING (gmm-est-fmllr[5.5.1016]:main():gmmbin/gmm-est-fmllr.cc:118) Did not find posteriors for utterance 122-12541
WARNING (gmm-est-fmllr[5.5.1016]:main():gmmbin/gmm-est-fmllr.cc:118) Did not find posteriors for utterance 122-12542
WARNING (gmm-est-fmllr[5.5.1016]:main():gmmbin/gmm-est-fmllr.cc:118) Did not find posteriors for utterance 122-12543
WARNING (gmm-est-fmllr[5.5.1016]:main():gmmbin/gmm-est-fmllr.cc:118) Did not find posteriors for utterance 122-12545
WARNING (gmm-est-fmllr[5.5.1016]:main():gmmbin/gmm-est-fmllr.cc:118) Did not find posteriors for utterance 122-12546
WARNING (gmm-est-fmllr[5.5.1016]:main():gmmbin/gmm-est-fmllr.cc:118) Did not find posteriors for utterance 122-12548
WARNING (gmm-est-fmllr[5.5.1016]:main():gmmbin/gmm-est-fmllr.cc:118) Did not find posteriors for utterance 122-12549
WARNING (gmm-est-fmllr[5.5.1016]:main():gmmbin/gmm-est-fmllr.cc:118) Did not find posteriors for utterance 122-12551
WARNING (gmm-est-fmllr[5.5.1016]:main():gmmbin/gmm-est-fmllr.cc:118) Did not find posteriors for utterance 122-12555
WARNING (gmm-est-fmllr[5.5.1016]:main():gmmbin/gmm-est-fmllr.cc:118) Did not find posteriors for utterance 122-12557
WARNING (gmm-est-fmllr[5.5.1016]:main():gmmbin/gmm-est-fmllr.cc:118) Did not find posteriors for utterance 122-12561
WARNING (gmm-est-fmllr[5.5.1016]:main():gmmbin/gmm-est-fmllr.cc:118) Did not find posteriors for utterance 122-12562
WARNING (gmm-est-fmllr[5.5.1016]:main():gmmbin/gmm-est-fmllr.cc:118) Did not find posteriors for utterance 122-12564
WARNING (gmm-est-fmllr[5.5.1016]:main():gmmbin/gmm-est-fmllr.cc:118) Did not find posteriors for utterance 122-12566
WARNING (gmm-est-fmllr[5.5.1016]:main():gmmbin/gmm-est-fmllr.cc:118) Did not find posteriors for utterance 122-12567
WARNING (gmm-est-fmllr[5.5.1016]:main():gmmbin/gmm-est-fmllr.cc:118) Did not find posteriors for utterance 122-12569
WARNING (gmm-est-fmllr[5.5.1016]:main():gmmbin/gmm-est-fmllr.cc:118) Did not find posteriors for utterance 122-12573
WARNING (gmm-est-fmllr[5.5.1016]:main():gmmbin/gmm-est-fmllr.cc:118) Did not find posteriors for utterance 122-12577
WARNING (gmm-est-fmllr[5.5.1016]:main():gmmbin/gmm-est-fmllr.cc:118) Did not find posteriors for utterance 122-12578
WARNING (gmm-est-fmllr[5.5.1016]:main():gmmbin/gmm-est-fmllr.cc:118) Did not find posteriors for utterance 122-12581
WARNING (gmm-est-fmllr[5.5.1016]:main():gmmbin/gmm-est-fmllr.cc:118) Did not find posteriors for utterance 122-12582
WARNING (gmm-est-fmllr[5.5.1016]:main():gmmbin/gmm-est-fmllr.cc:118) Did not find posteriors for utterance 122-12583
WARNING (gmm-est-fmllr[5.5.1016]:main():gmmbin/gmm-est-fmllr.cc:118) Did not find posteriors for utterance 122-12584
WARNING (gmm-est-fmllr[5.5.1016]:main():gmmbin/gmm-est-fmllr.cc:118) Did not find posteriors for utterance 122-12585
WARNING (gmm-est-fmllr[5.5.1016]:main():gmmbin/gmm-est-fmllr.cc:118) Did not find posteriors for utterance 122-12586
WARNING (gmm-est-fmllr[5.5.1016]:main():gmmbin/gmm-est-fmllr.cc:118) Did not find posteriors for utterance 122-12588
WARNING (gmm-est-fmllr[5.5.1016]:main():gmmbin/gmm-est-fmllr.cc:118) Did not find posteriors for utterance 122-12589
WARNING (gmm-est-fmllr[5.5.1016]:main():gmmbin/gmm-est-fmllr.cc:118) Did not find posteriors for utterance 122-12590
WARNING (gmm-est-fmllr[5.5.1016]:main():gmmbin/gmm-est-fmllr.cc:118) Did not find posteriors for utterance 122-12592
WARNING (gmm-est-fmllr[5.5.1016]:main():gmmbin/gmm-est-fmllr.cc:118) Did not find posteriors for utterance 122-12593
WARNING (gmm-est-fmllr[5.5.1016]:main():gmmbin/gmm-est-fmllr.cc:118) Did not find posteriors for utterance 122-12594
WARNING (gmm-est-fmllr[5.5.1016]:main():gmmbin/gmm-est-fmllr.cc:118) Did not find posteriors for utterance 122-12598
WARNING (gmm-est-fmllr[5.5.1016]:main():gmmbin/gmm-est-fmllr.cc:118) Did not find posteriors for utterance 122-12602
WARNING (gmm-est-fmllr[5.5.1016]:main():gmmbin/gmm-est-fmllr.cc:118) Did not find posteriors for utterance 122-12603
WARNING (gmm-est-fmllr[5.5.1016]:main():gmmbin/gmm-est-fmllr.cc:118) Did not find posteriors for utterance 122-12606
WARNING (gmm-est-fmllr[5.5.1016]:main():gmmbin/gmm-est-fmllr.cc:118) Did not find posteriors for utterance 122-12609
WARNING (gmm-est-fmllr[5.5.1016]:main():gmmbin/gmm-est-fmllr.cc:118) Did not find posteriors for utterance 122-12610
WARNING (gmm-est-fmllr[5.5.1016]:main():gmmbin/gmm-est-fmllr.cc:118) Did not find posteriors for utterance 122-12611
WARNING (gmm-est-fmllr[5.5.1016]:main():gmmbin/gmm-est-fmllr.cc:118) Did not find posteriors for utterance 122-12614
WARNING (gmm-est-fmllr[5.5.1016]:main():gmmbin/gmm-est-fmllr.cc:118) Did not find posteriors for utterance 122-12615
WARNING (gmm-est-fmllr[5.5.1016]:main():gmmbin/gmm-est-fmllr.cc:118) Did not find posteriors for utterance 122-12616
WARNING (gmm-est-fmllr[5.5.1016]:main():gmmbin/gmm-est-fmllr.cc:118) Did not find posteriors for utterance 122-12617
WARNING (gmm-est-fmllr[5.5.1016]:main():gmmbin/gmm-est-fmllr.cc:118) Did not find posteriors for utterance 122-12619
WARNING (gmm-est-fmllr[5.5.1016]:main():gmmbin/gmm-est-fmllr.cc:118) Did not find posteriors for utterance 122-12620
WARNING (gmm-est-fmllr[5.5.1016]:main():gmmbin/gmm-est-fmllr.cc:118) Did not find posteriors for utterance 122-12621
WARNING (gmm-est-fmllr[5.5.1016]:main():gmmbin/gmm-est-fmllr.cc:118) Did not find posteriors for utterance 122-12622
WARNING (gmm-est-fmllr[5.5.1016]:main():gmmbin/gmm-est-fmllr.cc:118) Did not find posteriors for utterance 122-12623
WARNING (gmm-est-fmllr[5.5.1016]:main():gmmbin/gmm-est-fmllr.cc:118) Did not find posteriors for utterance 122-12625
WARNING (gmm-est-fmllr[5.5.1016]:main():gmmbin/gmm-est-fmllr.cc:118) Did not find posteriors for utterance 122-12628
WARNING (gmm-est-fmllr[5.5.1016]:main():gmmbin/gmm-est-fmllr.cc:118) Did not find posteriors for utterance 122-12629
WARNING (gmm-est-fmllr[5.5.1016]:main():gmmbin/gmm-est-fmllr.cc:118) Did not find posteriors for utterance 122-12630
WARNING (gmm-est-fmllr[5.5.1016]:main():gmmbin/gmm-est-fmllr.cc:118) Did not find posteriors for utterance 122-12631
WARNING (gmm-est-fmllr[5.5.1016]:main():gmmbin/gmm-est-fmllr.cc:118) Did not find posteriors for utterance 122-12632
WARNING (gmm-est-fmllr[5.5.1016]:main():gmmbin/gmm-est-fmllr.cc:118) Did not find posteriors for utterance 122-12637
WARNING (gmm-est-fmllr[5.5.1016]:main():gmmbin/gmm-est-fmllr.cc:118) Did not find posteriors for utterance 122-12638
WARNING (gmm-est-fmllr[5.5.1016]:main():gmmbin/gmm-est-fmllr.cc:118) Did not find posteriors for utterance 122-12641
WARNING (gmm-est-fmllr[5.5.1016]:main():gmmbin/gmm-est-fmllr.cc:118) Did not find posteriors for utterance 122-12643
WARNING (gmm-est-fmllr[5.5.1016]:main():gmmbin/gmm-est-fmllr.cc:118) Did not find posteriors for utterance 122-12646
WARNING (gmm-est-fmllr[5.5.1016]:main():gmmbin/gmm-est-fmllr.cc:118) Did not find posteriors for utterance 122-12647
WARNING (gmm-est-fmllr[5.5.1016]:main():gmmbin/gmm-est-fmllr.cc:118) Did not find posteriors for utterance 122-12649
WARNING (gmm-est-fmllr[5.5.1016]:main():gmmbin/gmm-est-fmllr.cc:118) Did not find posteriors for utterance 122-12650
LOG (gmm-est-fmllr[5.5.1016]:ComputeFmllrMatrixDiagGmmFull():transform/fmllr-diag-gmm.cc:262) fMLLR objf improvement is 5.0773 per frame over 14756 frames.
LOG (gmm-est-fmllr[5.5.1016]:main():gmmbin/gmm-est-fmllr.cc:143) For speaker 122, auxf-impr from fMLLR is 5.0773, over 14756 frames.
WARNING (gmm-est-fmllr[5.5.1016]:main():gmmbin/gmm-est-fmllr.cc:118) Did not find posteriors for utterance 124-12669
WARNING (gmm-est-fmllr[5.5.1016]:main():gmmbin/gmm-est-fmllr.cc:118) Did not find posteriors for utterance 124-12681
WARNING (gmm-est-fmllr[5.5.1016]:main():gmmbin/gmm-est-fmllr.cc:118) Did not find posteriors for utterance 124-12682
WARNING (gmm-est-fmllr[5.5.1016]:main():gmmbin/gmm-est-fmllr.cc:118) Did not find posteriors for utterance 124-12684
LOG (gmm-est-fmllr[5.5.1016]:ComputeFmllrMatrixDiagGmmFull():transform/fmllr-diag-gmm.cc:262) fMLLR objf improvement is 6.29707 per frame over 6266 frames.
LOG (gmm-est-fmllr[5.5.1016]:main():gmmbin/gmm-est-fmllr.cc:143) For speaker 124, auxf-impr from fMLLR is 6.29707, over 6266 frames.
WARNING (gmm-est-fmllr[5.5.1016]:main():gmmbin/gmm-est-fmllr.cc:118) Did not find posteriors for utterance 16-2133
WARNING (gmm-est-fmllr[5.5.1016]:main():gmmbin/gmm-est-fmllr.cc:118) Did not find posteriors for utterance 16-2146
WARNING (gmm-est-fmllr[5.5.1016]:main():gmmbin/gmm-est-fmllr.cc:118) Did not find posteriors for utterance 16-2158
WARNING (gmm-est-fmllr[5.5.1016]:main():gmmbin/gmm-est-fmllr.cc:118) Did not find posteriors for utterance 16-2188
WARNING (gmm-est-fmllr[5.5.1016]:main():gmmbin/gmm-est-fmllr.cc:118) Did not find posteriors for utterance 16-2213
WARNING (gmm-est-fmllr[5.5.1016]:main():gmmbin/gmm-est-fmllr.cc:118) Did not find posteriors for utterance 16-2224
WARNING (gmm-est-fmllr[5.5.1016]:main():gmmbin/gmm-est-fmllr.cc:118) Did not find posteriors for utterance 16-2260
WARNING (gmm-est-fmllr[5.5.1016]:main():gmmbin/gmm-est-fmllr.cc:118) Did not find posteriors for utterance 16-2286
WARNING (gmm-est-fmllr[5.5.1016]:main():gmmbin/gmm-est-fmllr.cc:118) Did not find posteriors for utterance 16-2290
WARNING (gmm-est-fmllr[5.5.1016]:main():gmmbin/gmm-est-fmllr.cc:118) Did not find posteriors for utterance 16-2293
WARNING (gmm-est-fmllr[5.5.1016]:main():gmmbin/gmm-est-fmllr.cc:118) Did not find posteriors for utterance 16-2300
WARNING (gmm-est-fmllr[5.5.1016]:main():gmmbin/gmm-est-fmllr.cc:118) Did not find posteriors for utterance 16-2362
WARNING (gmm-est-fmllr[5.5.1016]:main():gmmbin/gmm-est-fmllr.cc:118) Did not find posteriors for utterance 16-2367
WARNING (gmm-est-fmllr[5.5.1016]:main():gmmbin/gmm-est-fmllr.cc:118) Did not find posteriors for utterance 16-2369
LOG (gmm-est-fmllr[5.5.1016]:ComputeFmllrMatrixDiagGmmFull():transform/fmllr-diag-gmm.cc:262) fMLLR objf improvement is 5.56113 per frame over 39988 frames.
LOG (gmm-est-fmllr[5.5.1016]:main():gmmbin/gmm-est-fmllr.cc:143) For speaker 16, auxf-impr from fMLLR is 5.56113, over 39988 frames.
LOG (gmm-est-fmllr[5.5.1016]:ComputeFmllrMatrixDiagGmmFull():transform/fmllr-diag-gmm.cc:262) fMLLR objf improvement is 3.55547 per frame over 4240 frames.
LOG (gmm-est-fmllr[5.5.1016]:main():gmmbin/gmm-est-fmllr.cc:143) For speaker 24, auxf-impr from fMLLR is 3.55547, over 4240 frames.
WARNING (gmm-est-fmllr[5.5.1016]:main():gmmbin/gmm-est-fmllr.cc:118) Did not find posteriors for utterance 25-3178
LOG (gmm-est-fmllr[5.5.1016]:ComputeFmllrMatrixDiagGmmFull():transform/fmllr-diag-gmm.cc:262) fMLLR objf improvement is 7.41328 per frame over 26039 frames.
LOG (gmm-est-fmllr[5.5.1016]:main():gmmbin/gmm-est-fmllr.cc:143) For speaker 25, auxf-impr from fMLLR is 7.41328, over 26039 frames.
WARNING (gmm-est-fmllr[5.5.1016]:main():gmmbin/gmm-est-fmllr.cc:118) Did not find posteriors for utterance 28-3400
LOG (gmm-est-fmllr[5.5.1016]:ComputeFmllrMatrixDiagGmmFull():transform/fmllr-diag-gmm.cc:262) fMLLR objf improvement is 6.24112 per frame over 18069 frames.
LOG (gmm-est-fmllr[5.5.1016]:main():gmmbin/gmm-est-fmllr.cc:143) For speaker 28, auxf-impr from fMLLR is 6.24112, over 18069 frames.
LOG (gmm-est-fmllr[5.5.1016]:ComputeFmllrMatrixDiagGmmFull():transform/fmllr-diag-gmm.cc:262) fMLLR objf improvement is 4.39328 per frame over 3626 frames.
LOG (gmm-est-fmllr[5.5.1016]:main():gmmbin/gmm-est-fmllr.cc:143) For speaker 31, auxf-impr from fMLLR is 4.39328, over 3626 frames.
WARNING (gmm-est-fmllr[5.5.1016]:main():gmmbin/gmm-est-fmllr.cc:118) Did not find posteriors for utterance 34-3735
WARNING (gmm-est-fmllr[5.5.1016]:main():gmmbin/gmm-est-fmllr.cc:118) Did not find posteriors for utterance 34-3743
WARNING (gmm-est-fmllr[5.5.1016]:main():gmmbin/gmm-est-fmllr.cc:118) Did not find posteriors for utterance 34-3781
WARNING (gmm-est-fmllr[5.5.1016]:main():gmmbin/gmm-est-fmllr.cc:118) Did not find posteriors for utterance 34-3841
LOG (gmm-est-fmllr[5.5.1016]:ComputeFmllrMatrixDiagGmmFull():transform/fmllr-diag-gmm.cc:262) fMLLR objf improvement is 4.80553 per frame over 37227 frames.
LOG (gmm-est-fmllr[5.5.1016]:main():gmmbin/gmm-est-fmllr.cc:143) For speaker 34, auxf-impr from fMLLR is 4.80553, over 37227 frames.
LOG (gmm-est-fmllr[5.5.1016]:ComputeFmllrMatrixDiagGmmFull():transform/fmllr-diag-gmm.cc:262) fMLLR objf improvement is 6.86774 per frame over 1710 frames.
LOG (gmm-est-fmllr[5.5.1016]:main():gmmbin/gmm-est-fmllr.cc:143) For speaker 36, auxf-impr from fMLLR is 6.86774, over 1710 frames.
WARNING (gmm-est-fmllr[5.5.1016]:main():gmmbin/gmm-est-fmllr.cc:118) Did not find posteriors for utterance 42-4588
WARNING (gmm-est-fmllr[5.5.1016]:main():gmmbin/gmm-est-fmllr.cc:118) Did not find posteriors for utterance 42-4593
WARNING (gmm-est-fmllr[5.5.1016]:main():gmmbin/gmm-est-fmllr.cc:118) Did not find posteriors for utterance 42-4612
WARNING (gmm-est-fmllr[5.5.1016]:main():gmmbin/gmm-est-fmllr.cc:118) Did not find posteriors for utterance 42-4618
WARNING (gmm-est-fmllr[5.5.1016]:main():gmmbin/gmm-est-fmllr.cc:118) Did not find posteriors for utterance 42-4646
WARNING (gmm-est-fmllr[5.5.1016]:main():gmmbin/gmm-est-fmllr.cc:118) Did not find posteriors for utterance 42-4653
WARNING (gmm-est-fmllr[5.5.1016]:main():gmmbin/gmm-est-fmllr.cc:118) Did not find posteriors for utterance 42-4655
WARNING (gmm-est-fmllr[5.5.1016]:main():gmmbin/gmm-est-fmllr.cc:118) Did not find posteriors for utterance 42-4681
WARNING (gmm-est-fmllr[5.5.1016]:main():gmmbin/gmm-est-fmllr.cc:118) Did not find posteriors for utterance 42-4684
WARNING (gmm-est-fmllr[5.5.1016]:main():gmmbin/gmm-est-fmllr.cc:118) Did not find posteriors for utterance 42-4689
WARNING (gmm-est-fmllr[5.5.1016]:main():gmmbin/gmm-est-fmllr.cc:118) Did not find posteriors for utterance 42-4691
WARNING (gmm-est-fmllr[5.5.1016]:main():gmmbin/gmm-est-fmllr.cc:118) Did not find posteriors for utterance 42-4702
WARNING (gmm-est-fmllr[5.5.1016]:main():gmmbin/gmm-est-fmllr.cc:118) Did not find posteriors for utterance 42-4703
WARNING (gmm-est-fmllr[5.5.1016]:main():gmmbin/gmm-est-fmllr.cc:118) Did not find posteriors for utterance 42-4714
WARNING (gmm-est-fmllr[5.5.1016]:main():gmmbin/gmm-est-fmllr.cc:118) Did not find posteriors for utterance 42-4715
WARNING (gmm-est-fmllr[5.5.1016]:main():gmmbin/gmm-est-fmllr.cc:118) Did not find posteriors for utterance 42-4743
WARNING (gmm-est-fmllr[5.5.1016]:main():gmmbin/gmm-est-fmllr.cc:118) Did not find posteriors for utterance 42-4746
WARNING (gmm-est-fmllr[5.5.1016]:main():gmmbin/gmm-est-fmllr.cc:118) Did not find posteriors for utterance 42-4767
WARNING (gmm-est-fmllr[5.5.1016]:main():gmmbin/gmm-est-fmllr.cc:118) Did not find posteriors for utterance 42-4781
WARNING (gmm-est-fmllr[5.5.1016]:main():gmmbin/gmm-est-fmllr.cc:118) Did not find posteriors for utterance 42-4786
WARNING (gmm-est-fmllr[5.5.1016]:main():gmmbin/gmm-est-fmllr.cc:118) Did not find posteriors for utterance 42-4798
WARNING (gmm-est-fmllr[5.5.1016]:main():gmmbin/gmm-est-fmllr.cc:118) Did not find posteriors for utterance 42-4804
LOG (gmm-est-fmllr[5.5.1016]:ComputeFmllrMatrixDiagGmmFull():transform/fmllr-diag-gmm.cc:262) fMLLR objf improvement is 5.75996 per frame over 39327 frames.
LOG (gmm-est-fmllr[5.5.1016]:main():gmmbin/gmm-est-fmllr.cc:143) For speaker 42, auxf-impr from fMLLR is 5.75996, over 39327 frames.
LOG (gmm-est-fmllr[5.5.1016]:ComputeFmllrMatrixDiagGmmFull():transform/fmllr-diag-gmm.cc:262) fMLLR objf improvement is 3.81562 per frame over 25501 frames.
LOG (gmm-est-fmllr[5.5.1016]:main():gmmbin/gmm-est-fmllr.cc:143) For speaker 46, auxf-impr from fMLLR is 3.81562, over 25501 frames.
LOG (gmm-est-fmllr[5.5.1016]:ComputeFmllrMatrixDiagGmmFull():transform/fmllr-diag-gmm.cc:262) fMLLR objf improvement is 5.31707 per frame over 25821 frames.
LOG (gmm-est-fmllr[5.5.1016]:main():gmmbin/gmm-est-fmllr.cc:143) For speaker 47, auxf-impr from fMLLR is 5.31707, over 25821 frames.
LOG (gmm-est-fmllr[5.5.1016]:ComputeFmllrMatrixDiagGmmFull():transform/fmllr-diag-gmm.cc:262) fMLLR objf improvement is 3.62305 per frame over 50010 frames.
LOG (gmm-est-fmllr[5.5.1016]:main():gmmbin/gmm-est-fmllr.cc:143) For speaker 5, auxf-impr from fMLLR is 3.62305, over 50010 frames.
LOG (gmm-est-fmllr[5.5.1016]:ComputeFmllrMatrixDiagGmmFull():transform/fmllr-diag-gmm.cc:262) fMLLR objf improvement is 4.80238 per frame over 1633 frames.
LOG (gmm-est-fmllr[5.5.1016]:main():gmmbin/gmm-est-fmllr.cc:143) For speaker 54, auxf-impr from fMLLR is 4.80238, over 1633 frames.
WARNING (gmm-est-fmllr[5.5.1016]:Update():transform/fmllr-diag-gmm.cc:162) Not updating fMLLR since below min-count: count is 101
LOG (gmm-est-fmllr[5.5.1016]:main():gmmbin/gmm-est-fmllr.cc:143) For speaker 55, auxf-impr from fMLLR is 0, over 101 frames.
WARNING (gmm-est-fmllr[5.5.1016]:main():gmmbin/gmm-est-fmllr.cc:118) Did not find posteriors for utterance 67-7020
LOG (gmm-est-fmllr[5.5.1016]:ComputeFmllrMatrixDiagGmmFull():transform/fmllr-diag-gmm.cc:262) fMLLR objf improvement is 7.43467 per frame over 22351 frames.
LOG (gmm-est-fmllr[5.5.1016]:main():gmmbin/gmm-est-fmllr.cc:143) For speaker 67, auxf-impr from fMLLR is 7.43467, over 22351 frames.
WARNING (gmm-est-fmllr[5.5.1016]:main():gmmbin/gmm-est-fmllr.cc:118) Did not find posteriors for utterance 69-7052
WARNING (gmm-est-fmllr[5.5.1016]:main():gmmbin/gmm-est-fmllr.cc:118) Did not find posteriors for utterance 69-7053
WARNING (gmm-est-fmllr[5.5.1016]:main():gmmbin/gmm-est-fmllr.cc:118) Did not find posteriors for utterance 69-7058
WARNING (gmm-est-fmllr[5.5.1016]:main():gmmbin/gmm-est-fmllr.cc:118) Did not find posteriors for utterance 69-7060
WARNING (gmm-est-fmllr[5.5.1016]:main():gmmbin/gmm-est-fmllr.cc:118) Did not find posteriors for utterance 69-7062
WARNING (gmm-est-fmllr[5.5.1016]:main():gmmbin/gmm-est-fmllr.cc:118) Did not find posteriors for utterance 69-7063
WARNING (gmm-est-fmllr[5.5.1016]:main():gmmbin/gmm-est-fmllr.cc:118) Did not find posteriors for utterance 69-7066
WARNING (gmm-est-fmllr[5.5.1016]:main():gmmbin/gmm-est-fmllr.cc:118) Did not find posteriors for utterance 69-7069
WARNING (gmm-est-fmllr[5.5.1016]:main():gmmbin/gmm-est-fmllr.cc:118) Did not find posteriors for utterance 69-7078
WARNING (gmm-est-fmllr[5.5.1016]:main():gmmbin/gmm-est-fmllr.cc:118) Did not find posteriors for utterance 69-7080
WARNING (gmm-est-fmllr[5.5.1016]:main():gmmbin/gmm-est-fmllr.cc:118) Did not find posteriors for utterance 69-7081
WARNING (gmm-est-fmllr[5.5.1016]:main():gmmbin/gmm-est-fmllr.cc:118) Did not find posteriors for utterance 69-7082
WARNING (gmm-est-fmllr[5.5.1016]:main():gmmbin/gmm-est-fmllr.cc:118) Did not find posteriors for utterance 69-7084
WARNING (gmm-est-fmllr[5.5.1016]:main():gmmbin/gmm-est-fmllr.cc:118) Did not find posteriors for utterance 69-7086
WARNING (gmm-est-fmllr[5.5.1016]:main():gmmbin/gmm-est-fmllr.cc:118) Did not find posteriors for utterance 69-7087
WARNING (gmm-est-fmllr[5.5.1016]:main():gmmbin/gmm-est-fmllr.cc:118) Did not find posteriors for utterance 69-7089
WARNING (gmm-est-fmllr[5.5.1016]:main():gmmbin/gmm-est-fmllr.cc:118) Did not find posteriors for utterance 69-7093
WARNING (gmm-est-fmllr[5.5.1016]:main():gmmbin/gmm-est-fmllr.cc:118) Did not find posteriors for utterance 69-7095
LOG (gmm-est-fmllr[5.5.1016]:ComputeFmllrMatrixDiagGmmFull():transform/fmllr-diag-gmm.cc:262) fMLLR objf improvement is 6.72545 per frame over 3188 frames.
LOG (gmm-est-fmllr[5.5.1016]:main():gmmbin/gmm-est-fmllr.cc:143) For speaker 69, auxf-impr from fMLLR is 6.72545, over 3188 frames.
WARNING (gmm-est-fmllr[5.5.1016]:main():gmmbin/gmm-est-fmllr.cc:118) Did not find posteriors for utterance 7-1033
WARNING (gmm-est-fmllr[5.5.1016]:main():gmmbin/gmm-est-fmllr.cc:118) Did not find posteriors for utterance 7-1036
WARNING (gmm-est-fmllr[5.5.1016]:main():gmmbin/gmm-est-fmllr.cc:118) Did not find posteriors for utterance 7-1067
WARNING (gmm-est-fmllr[5.5.1016]:main():gmmbin/gmm-est-fmllr.cc:118) Did not find posteriors for utterance 7-1076
WARNING (gmm-est-fmllr[5.5.1016]:main():gmmbin/gmm-est-fmllr.cc:118) Did not find posteriors for utterance 7-1097
WARNING (gmm-est-fmllr[5.5.1016]:main():gmmbin/gmm-est-fmllr.cc:118) Did not find posteriors for utterance 7-1108
WARNING (gmm-est-fmllr[5.5.1016]:main():gmmbin/gmm-est-fmllr.cc:118) Did not find posteriors for utterance 7-1163
WARNING (gmm-est-fmllr[5.5.1016]:main():gmmbin/gmm-est-fmllr.cc:118) Did not find posteriors for utterance 7-1185
WARNING (gmm-est-fmllr[5.5.1016]:main():gmmbin/gmm-est-fmllr.cc:118) Did not find posteriors for utterance 7-1198
WARNING (gmm-est-fmllr[5.5.1016]:main():gmmbin/gmm-est-fmllr.cc:118) Did not find posteriors for utterance 7-1201
WARNING (gmm-est-fmllr[5.5.1016]:main():gmmbin/gmm-est-fmllr.cc:118) Did not find posteriors for utterance 7-1210
WARNING (gmm-est-fmllr[5.5.1016]:main():gmmbin/gmm-est-fmllr.cc:118) Did not find posteriors for utterance 7-1224
LOG (ali-to-post[5.5.1016]:main():bin/ali-to-post.cc:73) Converted 2951 alignments.
LOG (weight-silence-post[5.5.1016]:main():bin/weight-silence-post.cc:95) Done 2951 posteriors.
WARNING (gmm-est-fmllr[5.5.1016]:main():gmmbin/gmm-est-fmllr.cc:118) Did not find posteriors for utterance 7-1231
WARNING (gmm-est-fmllr[5.5.1016]:main():gmmbin/gmm-est-fmllr.cc:118) Did not find posteriors for utterance 7-1255
LOG (gmm-est-fmllr[5.5.1016]:ComputeFmllrMatrixDiagGmmFull():transform/fmllr-diag-gmm.cc:262) fMLLR objf improvement is 3.9434 per frame over 32448 frames.
LOG (gmm-est-fmllr[5.5.1016]:main():gmmbin/gmm-est-fmllr.cc:143) For speaker 7, auxf-impr from fMLLR is 3.9434, over 32448 frames.
LOG (gmm-est-fmllr[5.5.1016]:ComputeFmllrMatrixDiagGmmFull():transform/fmllr-diag-gmm.cc:262) fMLLR objf improvement is 4.34145 per frame over 26554 frames.
LOG (gmm-est-fmllr[5.5.1016]:main():gmmbin/gmm-est-fmllr.cc:143) For speaker 70, auxf-impr from fMLLR is 4.34145, over 26554 frames.
WARNING (gmm-est-fmllr[5.5.1016]:main():gmmbin/gmm-est-fmllr.cc:118) Did not find posteriors for utterance 71-7191
WARNING (gmm-est-fmllr[5.5.1016]:main():gmmbin/gmm-est-fmllr.cc:118) Did not find posteriors for utterance 71-7192
WARNING (gmm-est-fmllr[5.5.1016]:main():gmmbin/gmm-est-fmllr.cc:118) Did not find posteriors for utterance 71-7195
WARNING (gmm-est-fmllr[5.5.1016]:main():gmmbin/gmm-est-fmllr.cc:118) Did not find posteriors for utterance 71-7197
WARNING (gmm-est-fmllr[5.5.1016]:main():gmmbin/gmm-est-fmllr.cc:118) Did not find posteriors for utterance 71-7199
WARNING (gmm-est-fmllr[5.5.1016]:main():gmmbin/gmm-est-fmllr.cc:118) Did not find posteriors for utterance 71-7202
WARNING (gmm-est-fmllr[5.5.1016]:main():gmmbin/gmm-est-fmllr.cc:118) Did not find posteriors for utterance 71-7204
WARNING (gmm-est-fmllr[5.5.1016]:main():gmmbin/gmm-est-fmllr.cc:118) Did not find posteriors for utterance 71-7205
WARNING (gmm-est-fmllr[5.5.1016]:main():gmmbin/gmm-est-fmllr.cc:118) Did not find posteriors for utterance 71-7208
WARNING (gmm-est-fmllr[5.5.1016]:main():gmmbin/gmm-est-fmllr.cc:118) Did not find posteriors for utterance 71-7210
WARNING (gmm-est-fmllr[5.5.1016]:main():gmmbin/gmm-est-fmllr.cc:118) Did not find posteriors for utterance 71-7211
WARNING (gmm-est-fmllr[5.5.1016]:main():gmmbin/gmm-est-fmllr.cc:118) Did not find posteriors for utterance 71-7219
WARNING (gmm-est-fmllr[5.5.1016]:main():gmmbin/gmm-est-fmllr.cc:118) Did not find posteriors for utterance 71-7220
WARNING (gmm-est-fmllr[5.5.1016]:main():gmmbin/gmm-est-fmllr.cc:118) Did not find posteriors for utterance 71-7222
WARNING (gmm-est-fmllr[5.5.1016]:main():gmmbin/gmm-est-fmllr.cc:118) Did not find posteriors for utterance 71-7225
WARNING (gmm-est-fmllr[5.5.1016]:main():gmmbin/gmm-est-fmllr.cc:118) Did not find posteriors for utterance 71-7226
WARNING (gmm-est-fmllr[5.5.1016]:main():gmmbin/gmm-est-fmllr.cc:118) Did not find posteriors for utterance 71-7227
WARNING (gmm-est-fmllr[5.5.1016]:main():gmmbin/gmm-est-fmllr.cc:118) Did not find posteriors for utterance 71-7231
WARNING (gmm-est-fmllr[5.5.1016]:main():gmmbin/gmm-est-fmllr.cc:118) Did not find posteriors for utterance 71-7232
WARNING (gmm-est-fmllr[5.5.1016]:main():gmmbin/gmm-est-fmllr.cc:118) Did not find posteriors for utterance 71-7241
LOG (gmm-est-fmllr[5.5.1016]:ComputeFmllrMatrixDiagGmmFull():transform/fmllr-diag-gmm.cc:262) fMLLR objf improvement is 5.13072 per frame over 7053 frames.
LOG (gmm-est-fmllr[5.5.1016]:main():gmmbin/gmm-est-fmllr.cc:143) For speaker 71, auxf-impr from fMLLR is 5.13072, over 7053 frames.
WARNING (gmm-est-fmllr[5.5.1016]:main():gmmbin/gmm-est-fmllr.cc:118) Did not find posteriors for utterance 73-7332
WARNING (gmm-est-fmllr[5.5.1016]:main():gmmbin/gmm-est-fmllr.cc:118) Did not find posteriors for utterance 73-7334
WARNING (gmm-est-fmllr[5.5.1016]:Update():transform/fmllr-diag-gmm.cc:162) Not updating fMLLR since below min-count: count is 126
LOG (gmm-est-fmllr[5.5.1016]:main():gmmbin/gmm-est-fmllr.cc:143) For speaker 73, auxf-impr from fMLLR is 0, over 126 frames.
WARNING (gmm-est-fmllr[5.5.1016]:main():gmmbin/gmm-est-fmllr.cc:118) Did not find posteriors for utterance 79-7974
LOG (gmm-est-fmllr[5.5.1016]:ComputeFmllrMatrixDiagGmmFull():transform/fmllr-diag-gmm.cc:262) fMLLR objf improvement is 8.66391 per frame over 10612 frames.
LOG (gmm-est-fmllr[5.5.1016]:main():gmmbin/gmm-est-fmllr.cc:143) For speaker 79, auxf-impr from fMLLR is 8.66391, over 10612 frames.
WARNING (gmm-est-fmllr[5.5.1016]:main():gmmbin/gmm-est-fmllr.cc:118) Did not find posteriors for utterance 81-8066
WARNING (gmm-est-fmllr[5.5.1016]:main():gmmbin/gmm-est-fmllr.cc:118) Did not find posteriors for utterance 81-8099
WARNING (gmm-est-fmllr[5.5.1016]:main():gmmbin/gmm-est-fmllr.cc:118) Did not find posteriors for utterance 81-8118
WARNING (gmm-est-fmllr[5.5.1016]:main():gmmbin/gmm-est-fmllr.cc:118) Did not find posteriors for utterance 81-8122
WARNING (gmm-est-fmllr[5.5.1016]:main():gmmbin/gmm-est-fmllr.cc:118) Did not find posteriors for utterance 81-8135
WARNING (gmm-est-fmllr[5.5.1016]:main():gmmbin/gmm-est-fmllr.cc:118) Did not find posteriors for utterance 81-8169
WARNING (gmm-est-fmllr[5.5.1016]:main():gmmbin/gmm-est-fmllr.cc:118) Did not find posteriors for utterance 81-8171
WARNING (gmm-est-fmllr[5.5.1016]:main():gmmbin/gmm-est-fmllr.cc:118) Did not find posteriors for utterance 81-8172
WARNING (gmm-est-fmllr[5.5.1016]:main():gmmbin/gmm-est-fmllr.cc:118) Did not find posteriors for utterance 81-8177
WARNING (gmm-est-fmllr[5.5.1016]:main():gmmbin/gmm-est-fmllr.cc:118) Did not find posteriors for utterance 81-8182
WARNING (gmm-est-fmllr[5.5.1016]:main():gmmbin/gmm-est-fmllr.cc:118) Did not find posteriors for utterance 81-8210
WARNING (gmm-est-fmllr[5.5.1016]:main():gmmbin/gmm-est-fmllr.cc:118) Did not find posteriors for utterance 81-8261
WARNING (gmm-est-fmllr[5.5.1016]:main():gmmbin/gmm-est-fmllr.cc:118) Did not find posteriors for utterance 81-8315
LOG (gmm-est-fmllr[5.5.1016]:ComputeFmllrMatrixDiagGmmFull():transform/fmllr-diag-gmm.cc:262) fMLLR objf improvement is 5.92218 per frame over 43716 frames.
LOG (gmm-est-fmllr[5.5.1016]:main():gmmbin/gmm-est-fmllr.cc:143) For speaker 81, auxf-impr from fMLLR is 5.92218, over 43716 frames.
WARNING (gmm-est-fmllr[5.5.1016]:Update():transform/fmllr-diag-gmm.cc:162) Not updating fMLLR since below min-count: count is 450
LOG (gmm-est-fmllr[5.5.1016]:main():gmmbin/gmm-est-fmllr.cc:143) For speaker 88, auxf-impr from fMLLR is 0, over 450 frames.
LOG (apply-cmvn[5.5.1016]:main():featbin/apply-cmvn.cc:162) Applied cepstral mean normalization to 3203 utterances, errors on 0
LOG (transform-feats[5.5.1016]:main():featbin/transform-feats.cc:158) Overall average [pseudo-]logdet is -91.063 over 1.00964e+06 frames.
LOG (transform-feats[5.5.1016]:main():featbin/transform-feats.cc:161) Applied transform to 3203 utterances; 0 had errors.
LOG (gmm-est-fmllr[5.5.1016]:ComputeFmllrMatrixDiagGmmFull():transform/fmllr-diag-gmm.cc:262) fMLLR objf improvement is 4.30792 per frame over 7791 frames.
LOG (gmm-est-fmllr[5.5.1016]:main():gmmbin/gmm-est-fmllr.cc:143) For speaker 89, auxf-impr from fMLLR is 4.30792, over 7791 frames.
LOG (gmm-est-fmllr[5.5.1016]:main():gmmbin/gmm-est-fmllr.cc:188) Done 2951 files, 252 with no posts, 0 with other errors.
LOG (gmm-est-fmllr[5.5.1016]:main():gmmbin/gmm-est-fmllr.cc:190) Overall fMLLR auxf impr per frame is 5.07683 over 563685 frames.
